2025-07-18 18:57:04.687 [info] Extension host with pid 26595 started
2025-07-18 18:57:04.687 [error] Error: EEXIST: file already exists, open '/workspace/.vscode-remote/data/User/workspaceStorage/-6bcff9/vscode.lock'
2025-07-18 18:57:04.687 [info] Lock '/workspace/.vscode-remote/data/User/workspaceStorage/-6bcff9/vscode.lock': Could not acquire lock, checking if the file is stale.
2025-07-18 18:57:04.690 [info] Lock '/workspace/.vscode-remote/data/User/workspaceStorage/-6bcff9/vscode.lock': The lock does not look stale, elapsed: 695 ms, giving up.
2025-07-18 18:57:04.692 [info] Lock '/workspace/.vscode-remote/data/User/workspaceStorage/-6bcff9-1/vscode.lock': Lock acquired.
2025-07-18 18:57:04.824 [info] ExtensionService#_doActivateExtension vscode.emmet, startup: false, activationEvent: 'onLanguage'
2025-07-18 18:57:04.825 [info] ExtensionService#_doActivateExtension vscode.git-base, startup: false, activationEvent: 'onLanguage:git-commit'
2025-07-18 18:57:04.825 [info] ExtensionService#_doActivateExtension gitpod.gitpod-web, startup: false, activationEvent: 'onAuthenticationRequest:gitpod'
2025-07-18 18:57:04.826 [info] ExtensionService#_doActivateExtension vscode.configuration-editing, startup: false, activationEvent: 'onLanguage:jsonc'
2025-07-18 18:57:04.826 [info] ExtensionService#_doActivateExtension vscode.json-language-features, startup: false, activationEvent: 'onLanguage:jsonc'
2025-07-18 18:57:04.826 [info] ExtensionService#_doActivateExtension vscode.typescript-language-features, startup: false, activationEvent: 'onLanguage:jsonc'
2025-07-18 18:57:05.424 [info] ExtensionService#_doActivateExtension vscode.git, startup: true, activationEvent: '*'
2025-07-18 18:57:05.424 [info] ExtensionService#_doActivateExtension vscode.github, startup: true, activationEvent: '*'
2025-07-18 18:57:05.593 [info] ExtensionService#_doActivateExtension redhat.vscode-yaml, startup: false, activationEvent: 'onLanguage:yaml'
2025-07-18 18:57:05.851 [info] Eager extensions activated
2025-07-18 18:57:05.851 [info] ExtensionService#_doActivateExtension vscode.debug-auto-launch, startup: false, activationEvent: 'onStartupFinished'
2025-07-18 18:57:05.852 [info] ExtensionService#_doActivateExtension vscode.merge-conflict, startup: false, activationEvent: 'onStartupFinished'
2025-07-18 18:57:05.852 [info] ExtensionService#_doActivateExtension vscode.github-authentication, startup: false, activationEvent: 'onStartupFinished', root cause: GitHub.vscode-pull-request-github
2025-07-18 18:57:05.959 [info] ExtensionService#_doActivateExtension GitHub.vscode-pull-request-github, startup: false, activationEvent: 'onStartupFinished'
2025-07-18 18:57:06.093 [warning] [redhat.vscode-yaml] Accessing a resource scoped configuration without providing a resource is not expected. To get the effective value for '[yaml]', provide the URI of a resource or 'null' for any resource.
2025-07-18 18:57:06.094 [warning] [redhat.vscode-yaml] Accessing a resource scoped configuration without providing a resource is not expected. To get the effective value for '[yaml]', provide the URI of a resource or 'null' for any resource.
2025-07-18 18:57:07.094 [warning] [redhat.vscode-yaml] Accessing a resource scoped configuration without providing a resource is not expected. To get the effective value for '[yaml]', provide the URI of a resource or 'null' for any resource.
2025-07-18 18:58:00.494 [warning] [redhat.vscode-yaml] Accessing a resource scoped configuration without providing a resource is not expected. To get the effective value for '[yaml]', provide the URI of a resource or 'null' for any resource.
2025-07-18 19:25:01.792 [info] Extension host terminating: received terminate message from renderer
2025-07-18 19:25:01.794 [info] Lock '/workspace/.vscode-remote/data/User/workspaceStorage/-6bcff9-1/vscode.lock': Marking the lockfile as scheduled to be released in 6000 ms.
2025-07-18 19:25:01.817 [info] Extension host with pid 26595 exiting with code 0
