2025-07-18 17:21:47.361 [info] Expanding terminal instance, old id e2ac111-1 -> new id undefined
2025-07-18 17:21:51.656 [warning] Persistent process "1": Process had no disconnect runners but was an orphan
2025-07-18 17:21:51.656 [info] Persistent process reconnection "1"
2025-07-18 17:21:51.723 [info] Persistent process "1": Replaying 37 chars and 1 size events
2025-07-18 17:23:06.888 [info] Expanding terminal instance, old id e2ac111-1 -> new id undefined
2025-07-18 17:23:07.751 [warning] Persistent process "1": Process had no disconnect runners but was an orphan
2025-07-18 17:23:07.752 [info] Persistent process reconnection "1"
2025-07-18 17:23:07.802 [info] Persistent process "1": Replaying 37 chars and 1 size events
2025-07-18 17:23:40.569 [info] Expanding terminal instance, old id e2ac111-1 -> new id undefined
2025-07-18 17:23:41.332 [warning] Persistent process "1": Process had no disconnect runners but was an orphan
2025-07-18 17:23:41.333 [info] Persistent process reconnection "1"
2025-07-18 17:23:41.383 [info] Persistent process "1": Replaying 37 chars and 1 size events
2025-07-18 17:55:42.724 [info] Expanding terminal instance, old id e2ac111-1 -> new id undefined
2025-07-18 17:55:43.425 [warning] Persistent process "1": Process had no disconnect runners but was an orphan
2025-07-18 17:55:43.425 [info] Persistent process reconnection "1"
2025-07-18 17:55:43.492 [info] Persistent process "1": Replaying 3882 chars and 1 size events
2025-07-18 17:55:56.922 [info] Expanding terminal instance, old id e2ac111-1 -> new id undefined
2025-07-18 17:55:57.777 [warning] Persistent process "1": Process had no disconnect runners but was an orphan
2025-07-18 17:55:57.777 [info] Persistent process reconnection "1"
2025-07-18 17:55:57.853 [info] Persistent process "1": Replaying 3882 chars and 1 size events
2025-07-18 18:57:04.503 [info] Expanding terminal instance, old id -6bcff9-3 -> new id undefined
2025-07-18 19:03:58.624 [info] Expanding terminal instance, old id e2ac111-6 -> new id undefined
2025-07-18 19:04:02.915 [warning] Persistent process "6": Process had no disconnect runners but was an orphan
2025-07-18 19:04:02.915 [info] Persistent process reconnection "6"
2025-07-18 19:04:02.968 [info] Persistent process "6": Replaying 37 chars and 1 size events
2025-07-18 19:25:03.644 [info] Expanding terminal instance, old id e2ac111-6 -> new id undefined
2025-07-18 19:25:04.150 [warning] Persistent process "6": Process had no disconnect runners but was an orphan
2025-07-18 19:25:04.150 [info] Persistent process reconnection "6"
2025-07-18 19:25:04.203 [info] Persistent process "6": Replaying 37 chars and 1 size events
