2025-07-18 14:58:33.555 [info] Log level: Info
2025-07-18 14:58:33.555 [info] VSCODE_MACHINE_ID: someValue.machineId
2025-07-18 14:58:33.555 [info] VSCODE_SESSION_ID: someValue.sessionId
2025-07-18 14:58:33.555 [info] VSCODE_VERSION: 1.101.2
2025-07-18 14:58:33.555 [info] VSCODE_APP_NAME: Gitpod Code
2025-07-18 14:58:33.555 [info] VSCODE_APP_HOST: Gitpod
2025-07-18 14:58:33.555 [info] VSCODE_UI_KIND: web
2025-07-18 14:58:33.555 [info] GITPOD_WORKSPACE_CONTEXT_URL: https://github.com/freeCodeCamp/learn-bash-by-building-a-boilerplate
2025-07-18 14:58:33.555 [info] GITPOD_INSTANCE_ID: d9490f77-73f2-4649-8c7c-0d52af95213b
2025-07-18 14:58:33.555 [info] GITPOD_WORKSPACE_URL: https://freecodecam-learnbashby-p8elx3hihxj.ws-us120.gitpod.io
2025-07-18 14:58:33.555 [info] Gitpod Web 3953e81
2025-07-18 14:58:33.555 [info] Reading sessions from keychain...
2025-07-18 14:58:33.612 [info] Getting sessions for all scopes...
2025-07-18 14:58:33.612 [info] Getting sessions for all scopes...
2025-07-18 14:58:33.612 [info] Getting sessions for all scopes...
2025-07-18 14:58:33.612 [info] Getting GitHub sessions for all scopes...
2025-07-18 14:58:33.612 [info] Getting sessions for function:accessCodeSyncStorage...
2025-07-18 14:58:33.613 [info] Got stored sessions!
2025-07-18 14:58:33.727 [info] Verified session with the following scopes: function:accessCodeSyncStorage function:closePort function:controlAdmission function:deleteEnvVar function:generateNewGitpodToken function:getDefaultWorkspaceImage function:getGitpodTokenScopes function:getIDToken function:getLoggedInUser function:getOpenPorts function:getSupportedWorkspaceClasses function:getTeams function:getToken function:getWorkspace function:getWorkspaceEnvVars function:getWorkspaceOwner function:getWorkspaceTimeout function:getWorkspaceUsers function:guessGitTokenScopes function:isWorkspaceOwner function:openPort function:sendHeartBeat function:setEnvVar function:setWorkspaceTimeout function:stopWorkspace function:takeSnapshot function:trackEvent function:updateGitStatus function:waitForSnapshot resource:contentBlob::*::create/get resource:envVar::*/**::update resource:envVar::*/*::update resource:envVar::freeCodeCamp/learn-bash-by-building-a-boilerplate::create/get/update/delete resource:gitpodToken::*::create resource:snapshot::ws-freecodecam-learnbashby-p8elx3hihxj::create resource:token::*::get resource:userStorage::*::create/get/update resource:workspace::freecodecam-learnbashby-p8elx3hihxj::get/update resource:workspaceInstance::d9490f77-73f2-4649-8c7c-0d52af95213b::get/update/delete
2025-07-18 14:58:33.727 [info] Got 1 verified sessions.
2025-07-18 14:58:33.727 [info] Got 1 sessions for all scopes...
2025-07-18 14:58:33.727 [info] Got 1 sessions for all scopes...
2025-07-18 14:58:33.727 [info] Got 1 sessions for all scopes...
2025-07-18 14:58:33.727 [info] Got 1 sessions for function:accessCodeSyncStorage...
2025-07-18 14:58:33.800 [info] Getting GitHub sessions for all scopes...
2025-07-18 14:58:33.800 [info] Getting GitHub sessions for all scopes...
2025-07-18 14:58:33.800 [info] Getting sessions for all scopes...
2025-07-18 14:58:33.800 [info] Got 1 sessions for all scopes...
2025-07-18 14:58:34.022 [info] Got 1 GitHub sessions for all scopes...
2025-07-18 14:58:34.022 [info] Got 1 GitHub sessions for all scopes...
2025-07-18 14:58:34.022 [info] Got 1 GitHub sessions for all scopes...
2025-07-18 14:58:34.553 [info] Getting GitHub sessions for all scopes...
2025-07-18 14:58:34.553 [info] Got 1 GitHub sessions for all scopes...
2025-07-18 14:58:34.586 [info] Getting GitHub sessions for read:user,repo,user:email,workflow...
2025-07-18 14:58:34.586 [info] Got 0 GitHub sessions for read:user,repo,user:email,workflow...
2025-07-18 14:58:34.660 [info] Getting GitHub sessions for project,read:org,read:user,repo,user:email,workflow...
2025-07-18 14:58:34.660 [info] Got 0 GitHub sessions for project,read:org,read:user,repo,user:email,workflow...
2025-07-18 14:58:34.808 [info] Getting GitHub sessions for read:user,repo,user:email,workflow...
2025-07-18 14:58:34.808 [info] Got 0 GitHub sessions for read:user,repo,user:email,workflow...
2025-07-18 14:58:34.951 [info] Getting GitHub sessions for read:user,repo,user:email...
2025-07-18 14:58:34.951 [info] Got 0 GitHub sessions for read:user,repo,user:email...
2025-07-18 14:58:35.096 [info] Getting GitHub sessions for read:user,repo,user:email,workflow...
2025-07-18 14:58:35.096 [info] Got 0 GitHub sessions for read:user,repo,user:email,workflow...
