2025-07-18 17:55:44.259 [info] [main] Log level: Info
2025-07-18 17:55:44.259 [info] [main] Validating found git in: "git"
2025-07-18 17:55:44.259 [info] [main] Using git "2.43.0" from "git"
2025-07-18 17:55:44.259 [info] [Model][doInitialScan] Initial repository scan started
2025-07-18 17:55:44.259 [info] > git rev-parse --show-toplevel [3ms]
2025-07-18 17:55:44.259 [info] > git rev-parse --git-dir --git-common-dir [2ms]
2025-07-18 17:55:44.259 [info] [Model][openRepository] Opened repository (path): /workspace/project
2025-07-18 17:55:44.259 [info] [Model][openRepository] Opened repository (real path): /workspace/project
2025-07-18 17:55:44.259 [info] > git config --get commit.template [4ms]
2025-07-18 17:55:44.259 [info] > git rev-parse --show-toplevel [6ms]
2025-07-18 17:55:44.259 [info] > git for-each-ref --format=%(refname)%00%(upstream:short)%00%(objectname)%00%(upstream:track)%00%(upstream:remotename)%00%(upstream:remoteref) refs/heads/main refs/remotes/main [33ms]
2025-07-18 17:55:44.259 [warning] [Git][revParse] Unable to read file: ENOENT: no such file or directory, open '/workspace/project/.git/refs/remotes/origin/main'
2025-07-18 17:55:44.259 [info] > git rev-parse --show-toplevel [8ms]
2025-07-18 17:55:44.259 [info] > git rev-parse refs/remotes/origin/main [5ms]
2025-07-18 17:55:44.259 [info] > git status -z -uall [6ms]
2025-07-18 17:55:44.259 [info] > git rev-parse --show-toplevel [12ms]
2025-07-18 17:55:44.259 [info] [Model][doInitialScan] Initial repository scan completed - repositories (1), closed repositories (0), parent repositories (0), unsafe repositories (0)
2025-07-18 17:55:44.259 [info] > git for-each-ref --sort -committerdate --format %(refname)%00%(objectname)%00%(*objectname) [5ms]
2025-07-18 17:55:44.259 [info] > git config --get commit.template [15ms]
2025-07-18 17:55:44.259 [info] > git for-each-ref --format=%(refname)%00%(upstream:short)%00%(objectname)%00%(upstream:track)%00%(upstream:remotename)%00%(upstream:remoteref) refs/heads/main refs/remotes/main [21ms]
2025-07-18 17:55:44.261 [info] > git config --get --local branch.main.vscode-merge-base [9ms]
2025-07-18 17:55:44.267 [info] > git for-each-ref --format=%(refname)%00%(upstream:short)%00%(objectname)%00%(upstream:track)%00%(upstream:remotename)%00%(upstream:remoteref) refs/heads/main refs/remotes/main [8ms]
2025-07-18 17:55:44.271 [warning] [Git][revParse] Unable to read file: ENOENT: no such file or directory, open '/workspace/project/.git/refs/remotes/origin/main'
2025-07-18 17:55:44.364 [info] > git rev-parse refs/remotes/origin/main [93ms]
2025-07-18 17:55:44.373 [info] > git for-each-ref --format=%(refname)%00%(upstream:short)%00%(objectname)%00%(upstream:track)%00%(upstream:remotename)%00%(upstream:remoteref) refs/heads/origin/main refs/remotes/origin/main [107ms]
2025-07-18 17:55:44.379 [info] > git status -z -uall [10ms]
2025-07-18 17:55:44.379 [info] > git for-each-ref --sort -committerdate --format %(refname)%00%(objectname)%00%(*objectname) [7ms]
2025-07-18 17:55:44.387 [info] > git merge-base refs/heads/main refs/remotes/origin/main [10ms]
2025-07-18 17:55:44.392 [info] > git merge-base refs/heads/main refs/remotes/origin/main [7ms]
2025-07-18 17:55:44.397 [info] > git diff --name-status -z --diff-filter=ADMR b47da2f1aefd5ecd3a04aaf48b0ac5b8b779948b...refs/remotes/origin/main [6ms]
2025-07-18 17:55:44.399 [info] > git diff --name-status -z --diff-filter=ADMR b47da2f1aefd5ecd3a04aaf48b0ac5b8b779948b...refs/remotes/origin/main [3ms]
2025-07-18 17:55:44.923 [info] > git check-ignore -v -z --stdin [2ms]
2025-07-18 17:55:45.618 [info] > git config --get --local branch.main.github-pr-owner-number [3ms]
2025-07-18 17:55:45.618 [warning] [Git][config] git config failed: Failed to execute git
