2025-07-18 17:21:48.200 [info] Extension host with pid 278 started
2025-07-18 17:21:48.200 [info] Lock '/workspace/.vscode-remote/data/User/workspaceStorage/e2ac111/vscode.lock': Lock acquired.
2025-07-18 17:21:48.319 [info] ExtensionService#_doActivateExtension vscode.emmet, startup: false, activationEvent: 'onLanguage'
2025-07-18 17:21:48.320 [info] ExtensionService#_doActivateExtension gitpod.gitpod-web, startup: false, activationEvent: 'onAuthenticationRequest:gitpod'
2025-07-18 17:21:48.626 [info] ExtensionService#_doActivateExtension vscode.git-base, startup: true, activationEvent: '*', root cause: vscode.git
2025-07-18 17:21:48.694 [info] ExtensionService#_doActivateExtension vscode.git, startup: true, activationEvent: '*'
2025-07-18 17:21:48.695 [info] ExtensionService#_doActivateExtension vscode.github, startup: true, activationEvent: '*'
2025-07-18 17:21:48.859 [info] Eager extensions activated
2025-07-18 17:21:48.860 [info] ExtensionService#_doActivateExtension vscode.debug-auto-launch, startup: false, activationEvent: 'onStartupFinished'
2025-07-18 17:21:48.860 [info] ExtensionService#_doActivateExtension vscode.merge-conflict, startup: false, activationEvent: 'onStartupFinished'
2025-07-18 17:21:48.860 [info] ExtensionService#_doActivateExtension vscode.github-authentication, startup: false, activationEvent: 'onStartupFinished', root cause: GitHub.vscode-pull-request-github
2025-07-18 17:21:48.975 [info] ExtensionService#_doActivateExtension redhat.vscode-yaml, startup: false, activationEvent: 'onLanguage:yaml'
2025-07-18 17:21:49.111 [info] ExtensionService#_doActivateExtension GitHub.vscode-pull-request-github, startup: false, activationEvent: 'onStartupFinished'
2025-07-18 17:21:49.296 [info] ExtensionService#_doActivateExtension vscode.configuration-editing, startup: false, activationEvent: 'onLanguage:jsonc'
2025-07-18 17:21:49.296 [info] ExtensionService#_doActivateExtension vscode.json-language-features, startup: false, activationEvent: 'onLanguage:jsonc'
2025-07-18 17:21:49.297 [info] ExtensionService#_doActivateExtension vscode.typescript-language-features, startup: false, activationEvent: 'onLanguage:jsonc'
2025-07-18 17:21:49.597 [warning] [redhat.vscode-yaml] Accessing a resource scoped configuration without providing a resource is not expected. To get the effective value for '[yaml]', provide the URI of a resource or 'null' for any resource.
2025-07-18 17:21:49.598 [warning] [redhat.vscode-yaml] Accessing a resource scoped configuration without providing a resource is not expected. To get the effective value for '[yaml]', provide the URI of a resource or 'null' for any resource.
2025-07-18 17:21:49.743 [warning] [redhat.vscode-yaml] Accessing a resource scoped configuration without providing a resource is not expected. To get the effective value for '[yaml]', provide the URI of a resource or 'null' for any resource.
2025-07-18 17:23:05.900 [info] Extension host terminating: received terminate message from renderer
2025-07-18 17:23:05.901 [info] Lock '/workspace/.vscode-remote/data/User/workspaceStorage/e2ac111/vscode.lock': Marking the lockfile as scheduled to be released in 6000 ms.
2025-07-18 17:23:05.921 [info] Extension host with pid 278 exiting with code 0
