2025-07-18 22:52:51.729 [info] Log level: Info
2025-07-18 22:52:51.729 [info] VSCODE_MACHINE_ID: someValue.machineId
2025-07-18 22:52:51.729 [info] VSCODE_SESSION_ID: someValue.sessionId
2025-07-18 22:52:51.729 [info] VSCODE_VERSION: 1.101.2
2025-07-18 22:52:51.729 [info] VSCODE_APP_NAME: Gitpod Code
2025-07-18 22:52:51.729 [info] VSCODE_APP_HOST: Gitpod
2025-07-18 22:52:51.729 [info] VSCODE_UI_KIND: web
2025-07-18 22:52:51.729 [info] GITPOD_WORKSPACE_CONTEXT_URL: https://github.com/freeCodeCamp/learn-bash-by-building-a-boilerplate
2025-07-18 22:52:51.729 [info] GITPOD_INSTANCE_ID: 1f1a0625-1589-4bca-a16e-82184218be99
2025-07-18 22:52:51.729 [info] GITPOD_WORKSPACE_URL: https://freecodecam-learnbashby-p8elx3hihxj.ws-us120.gitpod.io
2025-07-18 22:52:51.729 [info] Gitpod Web 3953e81
2025-07-18 22:52:51.729 [info] Reading sessions from keychain...
2025-07-18 22:52:51.802 [info] Getting sessions for all scopes...
2025-07-18 22:52:51.802 [info] Getting sessions for all scopes...
2025-07-18 22:52:51.802 [info] Getting sessions for all scopes...
2025-07-18 22:52:51.802 [info] Getting GitHub sessions for all scopes...
2025-07-18 22:52:51.802 [info] Getting sessions for function:accessCodeSyncStorage...
2025-07-18 22:52:51.802 [info] Got stored sessions!
2025-07-18 22:52:51.829 [info] Verified session with the following scopes: function:accessCodeSyncStorage function:closePort function:controlAdmission function:deleteEnvVar function:generateNewGitpodToken function:getDefaultWorkspaceImage function:getGitpodTokenScopes function:getIDToken function:getLoggedInUser function:getOpenPorts function:getSupportedWorkspaceClasses function:getTeams function:getToken function:getWorkspace function:getWorkspaceEnvVars function:getWorkspaceOwner function:getWorkspaceTimeout function:getWorkspaceUsers function:guessGitTokenScopes function:isWorkspaceOwner function:openPort function:sendHeartBeat function:setEnvVar function:setWorkspaceTimeout function:stopWorkspace function:takeSnapshot function:trackEvent function:updateGitStatus function:waitForSnapshot resource:contentBlob::*::create/get resource:envVar::*/**::update resource:envVar::*/*::update resource:envVar::freeCodeCamp/learn-bash-by-building-a-boilerplate::create/get/update/delete resource:gitpodToken::*::create resource:snapshot::ws-freecodecam-learnbashby-p8elx3hihxj::create resource:token::*::get resource:userStorage::*::create/get/update resource:workspace::freecodecam-learnbashby-p8elx3hihxj::get/update resource:workspaceInstance::1f1a0625-1589-4bca-a16e-82184218be99::get/update/delete
2025-07-18 22:52:51.829 [info] Got 1 verified sessions.
2025-07-18 22:52:51.829 [info] Got 1 sessions for all scopes...
2025-07-18 22:52:51.829 [info] Got 1 sessions for all scopes...
2025-07-18 22:52:51.829 [info] Got 1 sessions for all scopes...
2025-07-18 22:52:51.829 [info] Got 1 sessions for function:accessCodeSyncStorage...
2025-07-18 22:52:51.930 [info] Getting GitHub sessions for all scopes...
2025-07-18 22:52:51.930 [info] Getting GitHub sessions for all scopes...
2025-07-18 22:52:51.930 [info] Getting sessions for all scopes...
2025-07-18 22:52:51.930 [info] Got 1 sessions for all scopes...
2025-07-18 22:52:52.175 [info] Got 1 GitHub sessions for all scopes...
2025-07-18 22:52:52.175 [info] Got 1 GitHub sessions for all scopes...
2025-07-18 22:52:52.175 [info] Got 1 GitHub sessions for all scopes...
2025-07-18 22:52:52.305 [info] Getting GitHub sessions for all scopes...
2025-07-18 22:52:52.305 [info] Got 1 GitHub sessions for all scopes...
2025-07-18 22:52:52.456 [info] Getting GitHub sessions for read:user,repo,user:email,workflow...
2025-07-18 22:52:52.456 [info] Got 0 GitHub sessions for read:user,repo,user:email,workflow...
2025-07-18 22:52:52.612 [info] Getting GitHub sessions for project,read:org,read:user,repo,user:email,workflow...
2025-07-18 22:52:52.612 [info] Got 0 GitHub sessions for project,read:org,read:user,repo,user:email,workflow...
2025-07-18 22:52:52.769 [info] Getting GitHub sessions for read:user,repo,user:email,workflow...
2025-07-18 22:52:52.769 [info] Got 0 GitHub sessions for read:user,repo,user:email,workflow...
2025-07-18 22:52:52.907 [info] Getting GitHub sessions for read:user,repo,user:email...
2025-07-18 22:52:52.907 [info] Got 0 GitHub sessions for read:user,repo,user:email...
2025-07-18 22:52:53.055 [info] Getting GitHub sessions for read:user,repo,user:email,workflow...
2025-07-18 22:52:53.055 [info] Got 0 GitHub sessions for read:user,repo,user:email,workflow...
2025-07-18 22:52:53.555 [info] Getting sessions for all scopes...
2025-07-18 22:52:53.555 [info] Getting GitHub sessions for all scopes...
2025-07-18 22:52:53.555 [info] Got 1 sessions for all scopes...
2025-07-18 22:52:53.555 [info] Got 1 GitHub sessions for all scopes...
2025-07-18 22:53:04.941 [info] Getting GitHub sessions for read:user,repo,user:email,workflow...
2025-07-18 22:53:04.941 [info] Got 0 GitHub sessions for read:user,repo,user:email,workflow...
