2025-07-18 19:25:05.618 [info] [main] Log level: Info
2025-07-18 19:25:05.618 [info] [main] Validating found git in: "git"
2025-07-18 19:25:05.618 [info] [main] Using git "2.43.0" from "git"
2025-07-18 19:25:05.618 [info] [Model][doInitialScan] Initial repository scan started
2025-07-18 19:25:05.618 [info] > git rev-parse --show-toplevel [8ms]
2025-07-18 19:25:05.618 [info] > git rev-parse --git-dir --git-common-dir [5ms]
2025-07-18 19:25:05.618 [info] [Model][openRepository] Opened repository (path): /workspace/project
2025-07-18 19:25:05.618 [info] [Model][openRepository] Opened repository (real path): /workspace/project
2025-07-18 19:25:05.618 [info] > git rev-parse --show-toplevel [4ms]
2025-07-18 19:25:05.618 [info] fatal: this operation must be run in a work tree
2025-07-18 19:25:05.618 [info] > git config --get commit.template [9ms]
2025-07-18 19:25:05.618 [info] > git rev-parse --show-toplevel [9ms]
2025-07-18 19:25:05.618 [info] > git for-each-ref --format=%(refname)%00%(upstream:short)%00%(objectname)%00%(upstream:track)%00%(upstream:remotename)%00%(upstream:remoteref) refs/heads/main refs/remotes/main [45ms]
2025-07-18 19:25:05.618 [info] > git rev-parse --show-toplevel [37ms]
2025-07-18 19:25:05.618 [warning] [Git][revParse] Unable to read file: ENOENT: no such file or directory, open '/workspace/project/.git/refs/remotes/origin/main'
2025-07-18 19:25:05.618 [info] > git rev-parse refs/remotes/origin/main [51ms]
2025-07-18 19:25:05.618 [info] > git status -z -uall [11ms]
2025-07-18 19:25:05.618 [info] > git rev-parse --show-toplevel [59ms]
2025-07-18 19:25:05.618 [info] > git for-each-ref --sort -committerdate --format %(refname)%00%(objectname)%00%(*objectname) [14ms]
2025-07-18 19:25:05.618 [info] > git rev-parse --show-toplevel [33ms]
2025-07-18 19:25:05.618 [info] [Model][doInitialScan] Initial repository scan completed - repositories (1), closed repositories (0), parent repositories (0), unsafe repositories (0)
2025-07-18 19:25:05.618 [info] > git config --get commit.template [5ms]
2025-07-18 19:25:05.618 [info] > git for-each-ref --format=%(refname)%00%(upstream:short)%00%(objectname)%00%(upstream:track)%00%(upstream:remotename)%00%(upstream:remoteref) refs/heads/main refs/remotes/main [18ms]
2025-07-18 19:25:05.618 [info] > git config --get --local branch.main.vscode-merge-base [20ms]
2025-07-18 19:25:05.618 [info] > git for-each-ref --format=%(refname)%00%(upstream:short)%00%(objectname)%00%(upstream:track)%00%(upstream:remotename)%00%(upstream:remoteref) refs/heads/origin/main refs/remotes/origin/main [33ms]
2025-07-18 19:25:05.618 [info] > git for-each-ref --format=%(refname)%00%(upstream:short)%00%(objectname)%00%(upstream:track)%00%(upstream:remotename)%00%(upstream:remoteref) refs/heads/main refs/remotes/main [62ms]
2025-07-18 19:25:05.619 [warning] [Git][revParse] Unable to read file: ENOENT: no such file or directory, open '/workspace/project/.git/refs/remotes/origin/main'
2025-07-18 19:25:05.621 [info] > git merge-base refs/heads/main refs/remotes/origin/main [21ms]
2025-07-18 19:25:05.630 [info] > git rev-parse refs/remotes/origin/main [12ms]
2025-07-18 19:25:05.705 [info] > git status -z -uall [9ms]
2025-07-18 19:25:05.705 [info] > git diff --name-status -z --diff-filter=ADMR b47da2f1aefd5ecd3a04aaf48b0ac5b8b779948b...refs/remotes/origin/main [76ms]
2025-07-18 19:25:05.710 [info] > git for-each-ref --sort -committerdate --format %(refname)%00%(objectname)%00%(*objectname) [7ms]
2025-07-18 19:25:06.114 [info] > git check-ignore -v -z --stdin [3ms]
2025-07-18 19:25:06.314 [info] > git show --textconv :.git/COMMIT_EDITMSG [20ms]
2025-07-18 19:25:06.316 [info] > git ls-files --stage -- .git/COMMIT_EDITMSG [14ms]
2025-07-18 19:25:06.332 [info] > git hash-object -t tree /dev/null [8ms]
2025-07-18 19:25:06.333 [warning] [GitFileSystemProvider][stat] File not found - git:/workspace/project/.git/COMMIT_EDITMSG.git?%7B%22path%22%3A%22%2Fworkspace%2Fproject%2F.git%2FCOMMIT_EDITMSG%22%2C%22ref%22%3A%22%22%7D
2025-07-18 19:25:06.336 [info] > git hash-object -t tree /dev/null [5ms]
2025-07-18 19:25:06.336 [warning] [GitFileSystemProvider][readFile] File not found - git:/workspace/project/.git/COMMIT_EDITMSG.git?%7B%22path%22%3A%22%2Fworkspace%2Fproject%2F.git%2FCOMMIT_EDITMSG%22%2C%22ref%22%3A%22%22%7D
2025-07-18 19:25:06.508 [info] > git blame --root --incremental 4a386e4a95e17bbc3633c5867b6cae47fa2d91d5 -- .git/COMMIT_EDITMSG [6ms]
2025-07-18 19:25:06.508 [info] fatal: no such path .git/COMMIT_EDITMSG in 4a386e4a95e17bbc3633c5867b6cae47fa2d91d5
2025-07-18 19:25:07.047 [info] > git config --get --local branch.main.github-pr-owner-number [2ms]
2025-07-18 19:25:07.047 [warning] [Git][config] git config failed: Failed to execute git
2025-07-18 19:28:19.184 [info] > git config --get commit.template [5ms]
2025-07-18 19:28:19.193 [info] > git for-each-ref --format=%(refname)%00%(upstream:short)%00%(objectname)%00%(upstream:track)%00%(upstream:remotename)%00%(upstream:remoteref) refs/heads/main refs/remotes/main [10ms]
2025-07-18 19:28:19.197 [warning] [Git][revParse] Unable to read file: ENOENT: no such file or directory, open '/workspace/project/.git/refs/remotes/origin/main'
2025-07-18 19:28:19.198 [info] > git rev-parse refs/remotes/origin/main [1ms]
2025-07-18 19:28:19.207 [info] > git status -z -uall [5ms]
2025-07-18 19:28:19.208 [info] > git for-each-ref --sort -committerdate --format %(refname)%00%(objectname)%00%(*objectname) [2ms]
2025-07-18 19:28:49.870 [info] > git config --get commit.template [5ms]
2025-07-18 19:28:49.879 [info] > git for-each-ref --format=%(refname)%00%(upstream:short)%00%(objectname)%00%(upstream:track)%00%(upstream:remotename)%00%(upstream:remoteref) refs/heads/main refs/remotes/main [10ms]
2025-07-18 19:28:49.883 [warning] [Git][revParse] Unable to read file: ENOENT: no such file or directory, open '/workspace/project/.git/refs/remotes/origin/main'
2025-07-18 19:28:49.884 [info] > git rev-parse refs/remotes/origin/main [1ms]
2025-07-18 19:28:49.891 [info] > git status -z -uall [4ms]
2025-07-18 19:28:49.893 [info] > git for-each-ref --sort -committerdate --format %(refname)%00%(objectname)%00%(*objectname) [2ms]
2025-07-18 19:29:03.323 [info] > git config --get commit.template [5ms]
2025-07-18 19:29:03.333 [info] > git for-each-ref --format=%(refname)%00%(upstream:short)%00%(objectname)%00%(upstream:track)%00%(upstream:remotename)%00%(upstream:remoteref) refs/heads/main refs/remotes/main [11ms]
2025-07-18 19:29:03.337 [warning] [Git][revParse] Unable to read file: ENOENT: no such file or directory, open '/workspace/project/.git/refs/remotes/origin/main'
2025-07-18 19:29:03.339 [info] > git rev-parse refs/remotes/origin/main [2ms]
2025-07-18 19:29:03.349 [info] > git status -z -uall [5ms]
2025-07-18 19:29:03.351 [info] > git for-each-ref --sort -committerdate --format %(refname)%00%(objectname)%00%(*objectname) [3ms]
2025-07-18 19:29:03.364 [info] > git blame --root --incremental 1f491e72f7fe7b6890bd2f08a41482153694e964 -- .git/COMMIT_EDITMSG [5ms]
2025-07-18 19:29:03.364 [info] fatal: no such path .git/COMMIT_EDITMSG in 1f491e72f7fe7b6890bd2f08a41482153694e964
2025-07-18 19:29:03.374 [info] > git merge-base refs/heads/main refs/remotes/origin/main [11ms]
2025-07-18 19:29:03.382 [info] > git diff --name-status -z --diff-filter=ADMR b47da2f1aefd5ecd3a04aaf48b0ac5b8b779948b...refs/remotes/origin/main [3ms]
2025-07-18 19:29:03.426 [info] > git config --get --local branch.main.github-pr-owner-number [3ms]
2025-07-18 19:29:03.426 [warning] [Git][config] git config failed: Failed to execute git
2025-07-18 19:29:04.383 [info] > git config --get commit.template [6ms]
2025-07-18 19:29:04.393 [info] > git for-each-ref --format=%(refname)%00%(upstream:short)%00%(objectname)%00%(upstream:track)%00%(upstream:remotename)%00%(upstream:remoteref) refs/heads/main refs/remotes/main [11ms]
2025-07-18 19:29:04.398 [warning] [Git][revParse] Unable to read file: ENOENT: no such file or directory, open '/workspace/project/.git/refs/remotes/origin/main'
2025-07-18 19:29:04.400 [info] > git rev-parse refs/remotes/origin/main [1ms]
2025-07-18 19:29:04.410 [info] > git status -z -uall [5ms]
2025-07-18 19:29:04.413 [info] > git for-each-ref --sort -committerdate --format %(refname)%00%(objectname)%00%(*objectname) [3ms]
2025-07-18 19:30:23.685 [info] > git config --get commit.template [5ms]
2025-07-18 19:30:23.695 [info] > git for-each-ref --format=%(refname)%00%(upstream:short)%00%(objectname)%00%(upstream:track)%00%(upstream:remotename)%00%(upstream:remoteref) refs/heads/main refs/remotes/main [11ms]
2025-07-18 19:30:23.700 [warning] [Git][revParse] Unable to read file: ENOENT: no such file or directory, open '/workspace/project/.git/refs/remotes/origin/main'
2025-07-18 19:30:23.703 [info] > git rev-parse refs/remotes/origin/main [3ms]
2025-07-18 19:30:23.713 [info] > git status -z -uall [5ms]
2025-07-18 19:30:23.716 [info] > git for-each-ref --sort -committerdate --format %(refname)%00%(objectname)%00%(*objectname) [4ms]
2025-07-18 19:32:05.651 [info] > git config --get commit.template [6ms]
2025-07-18 19:32:05.661 [info] > git for-each-ref --format=%(refname)%00%(upstream:short)%00%(objectname)%00%(upstream:track)%00%(upstream:remotename)%00%(upstream:remoteref) refs/heads/main refs/remotes/main [11ms]
2025-07-18 19:32:05.665 [warning] [Git][revParse] Unable to read file: ENOENT: no such file or directory, open '/workspace/project/.git/refs/remotes/origin/main'
2025-07-18 19:32:05.667 [info] > git rev-parse refs/remotes/origin/main [2ms]
2025-07-18 19:32:05.676 [info] > git status -z -uall [5ms]
2025-07-18 19:32:05.679 [info] > git for-each-ref --sort -committerdate --format %(refname)%00%(objectname)%00%(*objectname) [4ms]
2025-07-18 19:32:06.713 [info] > git config --get commit.template [5ms]
2025-07-18 19:32:06.723 [info] > git for-each-ref --format=%(refname)%00%(upstream:short)%00%(objectname)%00%(upstream:track)%00%(upstream:remotename)%00%(upstream:remoteref) refs/heads/main refs/remotes/main [11ms]
2025-07-18 19:32:06.729 [warning] [Git][revParse] Unable to read file: ENOENT: no such file or directory, open '/workspace/project/.git/refs/remotes/origin/main'
2025-07-18 19:32:06.731 [info] > git rev-parse refs/remotes/origin/main [2ms]
2025-07-18 19:32:06.745 [info] > git status -z -uall [8ms]
2025-07-18 19:32:06.747 [info] > git for-each-ref --sort -committerdate --format %(refname)%00%(objectname)%00%(*objectname) [4ms]
2025-07-18 19:32:33.286 [info] > git config --get commit.template [5ms]
2025-07-18 19:32:33.296 [info] > git for-each-ref --format=%(refname)%00%(upstream:short)%00%(objectname)%00%(upstream:track)%00%(upstream:remotename)%00%(upstream:remoteref) refs/heads/main refs/remotes/main [10ms]
2025-07-18 19:32:33.299 [warning] [Git][revParse] Unable to read file: ENOENT: no such file or directory, open '/workspace/project/.git/refs/remotes/origin/main'
2025-07-18 19:32:33.301 [info] > git rev-parse refs/remotes/origin/main [2ms]
2025-07-18 19:32:33.309 [info] > git status -z -uall [5ms]
2025-07-18 19:32:33.312 [info] > git for-each-ref --sort -committerdate --format %(refname)%00%(objectname)%00%(*objectname) [3ms]
2025-07-18 19:32:52.918 [info] > git config --get commit.template [7ms]
2025-07-18 19:32:52.919 [info] > git for-each-ref --format=%(refname)%00%(upstream:short)%00%(objectname)%00%(upstream:track)%00%(upstream:remotename)%00%(upstream:remoteref) refs/heads/main refs/remotes/main [2ms]
2025-07-18 19:32:52.930 [info] > git status -z -uall [6ms]
2025-07-18 19:32:52.933 [info] > git for-each-ref --sort -committerdate --format %(refname)%00%(objectname)%00%(*objectname) [3ms]
2025-07-18 19:32:52.943 [info] > git config --get --local branch.main.github-pr-owner-number [2ms]
2025-07-18 19:32:52.944 [warning] [Git][config] git config failed: Failed to execute git
2025-07-18 19:32:52.950 [info] > git config --get --local branch.main.remote [2ms]
2025-07-18 19:32:52.950 [warning] [Git][config] git config failed: Failed to execute git
2025-07-18 19:32:52.957 [info] > git config --get --local branch.main.merge [2ms]
2025-07-18 19:32:52.957 [warning] [Git][config] git config failed: Failed to execute git
2025-07-18 19:34:44.971 [info] > git config --get commit.template [7ms]
2025-07-18 19:34:44.972 [info] > git for-each-ref --format=%(refname)%00%(upstream:short)%00%(objectname)%00%(upstream:track)%00%(upstream:remotename)%00%(upstream:remoteref) refs/heads/main refs/remotes/main [2ms]
2025-07-18 19:34:44.984 [info] > git status -z -uall [7ms]
2025-07-18 19:34:44.988 [info] > git for-each-ref --sort -committerdate --format %(refname)%00%(objectname)%00%(*objectname) [4ms]
2025-07-18 19:34:45.076 [info] > git config --get --local branch.main.github-pr-owner-number [3ms]
2025-07-18 19:34:45.076 [warning] [Git][config] git config failed: Failed to execute git
2025-07-18 19:34:45.084 [info] > git config --get --local branch.main.remote [2ms]
2025-07-18 19:34:45.084 [warning] [Git][config] git config failed: Failed to execute git
2025-07-18 19:34:45.092 [info] > git config --get --local branch.main.merge [2ms]
2025-07-18 19:34:45.092 [warning] [Git][config] git config failed: Failed to execute git
2025-07-18 19:34:59.840 [info] > git config --get commit.template [6ms]
2025-07-18 19:34:59.841 [info] > git for-each-ref --format=%(refname)%00%(upstream:short)%00%(objectname)%00%(upstream:track)%00%(upstream:remotename)%00%(upstream:remoteref) refs/heads/main refs/remotes/main [2ms]
2025-07-18 19:34:59.849 [info] > git status -z -uall [5ms]
2025-07-18 19:34:59.852 [info] > git for-each-ref --sort -committerdate --format %(refname)%00%(objectname)%00%(*objectname) [3ms]
2025-07-18 19:38:18.117 [info] > git config --get commit.template [5ms]
2025-07-18 19:38:18.119 [info] > git for-each-ref --format=%(refname)%00%(upstream:short)%00%(objectname)%00%(upstream:track)%00%(upstream:remotename)%00%(upstream:remoteref) refs/heads/main refs/remotes/main [2ms]
2025-07-18 19:38:18.127 [info] > git status -z -uall [4ms]
2025-07-18 19:38:18.131 [info] > git for-each-ref --sort -committerdate --format %(refname)%00%(objectname)%00%(*objectname) [4ms]
2025-07-18 19:38:55.541 [info] > git config --get commit.template [5ms]
2025-07-18 19:38:55.543 [info] > git for-each-ref --format=%(refname)%00%(upstream:short)%00%(objectname)%00%(upstream:track)%00%(upstream:remotename)%00%(upstream:remoteref) refs/heads/main refs/remotes/main [2ms]
2025-07-18 19:38:55.551 [info] > git status -z -uall [4ms]
2025-07-18 19:38:55.553 [info] > git for-each-ref --sort -committerdate --format %(refname)%00%(objectname)%00%(*objectname) [3ms]
2025-07-18 19:39:30.185 [info] > git config --get commit.template [5ms]
2025-07-18 19:39:30.186 [info] > git for-each-ref --format=%(refname)%00%(upstream:short)%00%(objectname)%00%(upstream:track)%00%(upstream:remotename)%00%(upstream:remoteref) refs/heads/main refs/remotes/main [2ms]
2025-07-18 19:39:30.196 [info] > git status -z -uall [5ms]
2025-07-18 19:39:30.199 [info] > git for-each-ref --sort -committerdate --format %(refname)%00%(objectname)%00%(*objectname) [3ms]
2025-07-18 19:39:36.469 [info] > git config --get commit.template [5ms]
2025-07-18 19:39:36.470 [info] > git for-each-ref --format=%(refname)%00%(upstream:short)%00%(objectname)%00%(upstream:track)%00%(upstream:remotename)%00%(upstream:remoteref) refs/heads/main refs/remotes/main [2ms]
2025-07-18 19:39:36.479 [info] > git status -z -uall [5ms]
2025-07-18 19:39:36.481 [info] > git for-each-ref --sort -committerdate --format %(refname)%00%(objectname)%00%(*objectname) [3ms]
2025-07-18 19:41:50.532 [info] > git config --get commit.template [4ms]
2025-07-18 19:41:50.533 [info] > git for-each-ref --format=%(refname)%00%(upstream:short)%00%(objectname)%00%(upstream:track)%00%(upstream:remotename)%00%(upstream:remoteref) refs/heads/main refs/remotes/main [2ms]
2025-07-18 19:41:50.540 [info] > git status -z -uall [4ms]
2025-07-18 19:41:50.543 [info] > git for-each-ref --sort -committerdate --format %(refname)%00%(objectname)%00%(*objectname) [3ms]
2025-07-18 19:42:08.194 [info] > git config --get commit.template [4ms]
2025-07-18 19:42:08.196 [info] > git for-each-ref --format=%(refname)%00%(upstream:short)%00%(objectname)%00%(upstream:track)%00%(upstream:remotename)%00%(upstream:remoteref) refs/heads/main refs/remotes/main [2ms]
2025-07-18 19:42:08.203 [info] > git status -z -uall [4ms]
2025-07-18 19:42:08.205 [info] > git for-each-ref --sort -committerdate --format %(refname)%00%(objectname)%00%(*objectname) [2ms]
2025-07-18 19:42:24.253 [info] > git config --get commit.template [5ms]
2025-07-18 19:42:24.255 [info] > git for-each-ref --format=%(refname)%00%(upstream:short)%00%(objectname)%00%(upstream:track)%00%(upstream:remotename)%00%(upstream:remoteref) refs/heads/main refs/remotes/main [2ms]
2025-07-18 19:42:24.264 [info] > git status -z -uall [5ms]
2025-07-18 19:42:24.266 [info] > git for-each-ref --sort -committerdate --format %(refname)%00%(objectname)%00%(*objectname) [3ms]
2025-07-18 19:45:08.421 [info] > git config --get commit.template [5ms]
2025-07-18 19:45:08.423 [info] > git for-each-ref --format=%(refname)%00%(upstream:short)%00%(objectname)%00%(upstream:track)%00%(upstream:remotename)%00%(upstream:remoteref) refs/heads/main refs/remotes/main [2ms]
2025-07-18 19:45:08.432 [info] > git status -z -uall [5ms]
2025-07-18 19:45:08.433 [info] > git for-each-ref --sort -committerdate --format %(refname)%00%(objectname)%00%(*objectname) [3ms]
2025-07-18 19:45:44.721 [info] > git config --get commit.template [8ms]
2025-07-18 19:45:44.722 [info] > git for-each-ref --format=%(refname)%00%(upstream:short)%00%(objectname)%00%(upstream:track)%00%(upstream:remotename)%00%(upstream:remoteref) refs/heads/main refs/remotes/main [2ms]
2025-07-18 19:45:44.733 [info] > git status -z -uall [6ms]
2025-07-18 19:45:44.735 [info] > git for-each-ref --sort -committerdate --format %(refname)%00%(objectname)%00%(*objectname) [3ms]
2025-07-18 19:45:52.231 [info] > git config --get commit.template [5ms]
2025-07-18 19:45:52.233 [info] > git for-each-ref --format=%(refname)%00%(upstream:short)%00%(objectname)%00%(upstream:track)%00%(upstream:remotename)%00%(upstream:remoteref) refs/heads/main refs/remotes/main [2ms]
2025-07-18 19:45:52.241 [info] > git status -z -uall [5ms]
2025-07-18 19:45:52.243 [info] > git for-each-ref --sort -committerdate --format %(refname)%00%(objectname)%00%(*objectname) [3ms]
2025-07-18 19:46:13.612 [info] > git config --get commit.template [5ms]
2025-07-18 19:46:13.613 [info] > git for-each-ref --format=%(refname)%00%(upstream:short)%00%(objectname)%00%(upstream:track)%00%(upstream:remotename)%00%(upstream:remoteref) refs/heads/main refs/remotes/main [2ms]
2025-07-18 19:46:13.621 [info] > git status -z -uall [4ms]
2025-07-18 19:46:13.624 [info] > git for-each-ref --sort -committerdate --format %(refname)%00%(objectname)%00%(*objectname) [3ms]
2025-07-18 19:46:30.685 [info] > git config --get commit.template [4ms]
2025-07-18 19:46:30.687 [info] > git for-each-ref --format=%(refname)%00%(upstream:short)%00%(objectname)%00%(upstream:track)%00%(upstream:remotename)%00%(upstream:remoteref) refs/heads/main refs/remotes/main [2ms]
2025-07-18 19:46:30.697 [info] > git status -z -uall [4ms]
2025-07-18 19:46:30.699 [info] > git for-each-ref --sort -committerdate --format %(refname)%00%(objectname)%00%(*objectname) [3ms]
