2025-07-18 18:57:06.152 [warning] /home/gitpod/.ssh/config: ENOENT: no such file or directory, open '/home/gitpod/.ssh/config'
2025-07-18 18:57:06.152 [info] [Activation] Extension version: 0.112.0
2025-07-18 18:57:06.757 [info] [Activation] Looking for git repository
2025-07-18 18:57:06.757 [info] [Activation] Found 0 repositories during activation
2025-07-18 18:57:06.757 [info] [Activation] Git repository found, initializing review manager and pr tree view.
2025-07-18 18:57:06.761 [info] [GitAPI] Registering git provider
2025-07-18 18:57:06.761 [info] [Review+0] Validate state in progress
2025-07-18 18:57:06.761 [info] [Review+0] Validating state...
2025-07-18 18:57:06.827 [info] [FolderRepositoryManager+0] Found GitHub remote for folder /workspace/project
2025-07-18 18:57:06.829 [info] [FolderRepositoryManager+0] Trying to use globalState for assignableUsers.
2025-07-18 18:57:06.837 [info] [Review+0] No matching pull request metadata found locally for current branch main
2025-07-18 18:57:06.837 [info] [Review+0] No matching pull request metadata found on GitHub for current branch main
2025-07-18 18:57:06.893 [info] [FolderRepositoryManager+0] GlobalState does not exist for assignableUsers.
2025-07-18 18:57:09.877 [info] [Activation] Repo state for file:///workspace/project changed.
2025-07-18 18:57:09.877 [info] [Activation] Repo file:///workspace/project has already been setup.
2025-07-18 18:58:24.929 [info] [Review+0] Validate state in progress
2025-07-18 18:58:24.929 [info] [Review+0] Validating state...
2025-07-18 18:58:25.007 [info] [FolderRepositoryManager+0] Found GitHub remote for folder /workspace/project
2025-07-18 18:58:25.008 [info] [FolderRepositoryManager+0] Using in-memory cached assignable users.
2025-07-18 18:58:25.015 [info] [Review+0] No matching pull request metadata found locally for current branch main
2025-07-18 18:58:25.015 [info] [Review+0] No matching pull request metadata found on GitHub for current branch main
