2025-07-18 18:52:40.256 [info] Log level: Info
2025-07-18 18:52:40.273 [info] VSCODE_MACHINE_ID: 20c7c060-a178-44f9-ac82-93617945184b
2025-07-18 18:52:40.273 [info] VSCODE_SESSION_ID: daecb754-d751-4f7b-afaf-9dee905325761752864758503
2025-07-18 18:52:40.273 [info] VSCODE_VERSION: 1.101.2
2025-07-18 18:52:40.273 [info] VSCODE_APP_NAME: Gitpod Code
2025-07-18 18:52:40.273 [info] VSCODE_APP_HOST: Gitpod
2025-07-18 18:52:40.273 [info] VSCODE_UI_KIND: web
2025-07-18 18:52:40.273 [info] GITPOD_WORKSPACE_CONTEXT_URL: https://github.com/freeCodeCamp/learn-bash-by-building-a-boilerplate
2025-07-18 18:52:40.273 [info] GITPOD_INSTANCE_ID: 8b2faf9a-73b3-44e9-b809-9a40c6682bae
2025-07-18 18:52:40.273 [info] GITPOD_WORKSPACE_URL: https://freecodecam-learnbashby-p8elx3hihxj.ws-us120.gitpod.io
2025-07-18 18:52:40.282 [info] Gitpod Web 3953e81
2025-07-18 18:52:40.282 [info] Reading sessions from keychain...
2025-07-18 18:52:40.362 [info] Getting sessions for all scopes...
2025-07-18 18:52:40.362 [info] Getting sessions for all scopes...
2025-07-18 18:52:40.362 [info] Getting sessions for all scopes...
2025-07-18 18:52:40.362 [info] Getting GitHub sessions for all scopes...
2025-07-18 18:52:40.362 [info] Getting sessions for function:accessCodeSyncStorage...
2025-07-18 18:52:40.363 [info] Got stored sessions!
2025-07-18 18:52:40.498 [info] Verified session with the following scopes: function:accessCodeSyncStorage function:closePort function:controlAdmission function:deleteEnvVar function:generateNewGitpodToken function:getDefaultWorkspaceImage function:getGitpodTokenScopes function:getIDToken function:getLoggedInUser function:getOpenPorts function:getSupportedWorkspaceClasses function:getTeams function:getToken function:getWorkspace function:getWorkspaceEnvVars function:getWorkspaceOwner function:getWorkspaceTimeout function:getWorkspaceUsers function:guessGitTokenScopes function:isWorkspaceOwner function:openPort function:sendHeartBeat function:setEnvVar function:setWorkspaceTimeout function:stopWorkspace function:takeSnapshot function:trackEvent function:updateGitStatus function:waitForSnapshot resource:contentBlob::*::create/get resource:envVar::*/**::update resource:envVar::*/*::update resource:envVar::freeCodeCamp/learn-bash-by-building-a-boilerplate::create/get/update/delete resource:gitpodToken::*::create resource:snapshot::ws-freecodecam-learnbashby-p8elx3hihxj::create resource:token::*::get resource:userStorage::*::create/get/update resource:workspace::freecodecam-learnbashby-p8elx3hihxj::get/update resource:workspaceInstance::8b2faf9a-73b3-44e9-b809-9a40c6682bae::get/update/delete
2025-07-18 18:52:40.498 [info] Got 1 verified sessions.
2025-07-18 18:52:40.498 [info] Got 1 sessions for all scopes...
2025-07-18 18:52:40.498 [info] Got 1 sessions for all scopes...
2025-07-18 18:52:40.498 [info] Got 1 sessions for all scopes...
2025-07-18 18:52:40.498 [info] Got 1 sessions for function:accessCodeSyncStorage...
2025-07-18 18:52:40.692 [info] Getting GitHub sessions for all scopes...
2025-07-18 18:52:40.692 [info] Getting GitHub sessions for all scopes...
2025-07-18 18:52:40.692 [info] Getting sessions for all scopes...
2025-07-18 18:52:40.692 [info] Got 1 sessions for all scopes...
2025-07-18 18:52:40.729 [info] Got 1 GitHub sessions for all scopes...
2025-07-18 18:52:40.729 [info] Got 1 GitHub sessions for all scopes...
2025-07-18 18:52:40.729 [info] Got 1 GitHub sessions for all scopes...
2025-07-18 18:52:41.119 [info] Getting GitHub sessions for all scopes...
2025-07-18 18:52:41.119 [info] Got 1 GitHub sessions for all scopes...
2025-07-18 18:52:41.197 [info] Getting sessions for all scopes...
2025-07-18 18:52:41.197 [info] Getting GitHub sessions for all scopes...
2025-07-18 18:52:41.204 [info] Got 1 sessions for all scopes...
2025-07-18 18:52:41.204 [info] Got 1 GitHub sessions for all scopes...
2025-07-18 18:52:41.308 [info] Getting GitHub sessions for read:user,repo,user:email,workflow...
2025-07-18 18:52:41.308 [info] Got 0 GitHub sessions for read:user,repo,user:email,workflow...
2025-07-18 18:52:41.569 [info] Getting GitHub sessions for project,read:org,read:user,repo,user:email,workflow...
2025-07-18 18:52:41.569 [info] Got 0 GitHub sessions for project,read:org,read:user,repo,user:email,workflow...
2025-07-18 18:52:41.761 [info] Getting GitHub sessions for read:user,repo,user:email,workflow...
2025-07-18 18:52:41.761 [info] Got 0 GitHub sessions for read:user,repo,user:email,workflow...
2025-07-18 18:52:41.925 [info] Getting GitHub sessions for read:user,repo,user:email...
2025-07-18 18:52:41.925 [info] Got 0 GitHub sessions for read:user,repo,user:email...
2025-07-18 18:52:42.078 [info] Getting GitHub sessions for read:user,repo,user:email,workflow...
2025-07-18 18:52:42.078 [info] Got 0 GitHub sessions for read:user,repo,user:email,workflow...
2025-07-18 18:53:03.535 [info] Getting GitHub sessions for read:user,repo,user:email,workflow...
2025-07-18 18:53:03.535 [info] Got 0 GitHub sessions for read:user,repo,user:email,workflow...
2025-07-18 18:56:16.709 [info] Getting GitHub sessions for project,read:org,read:user,repo,user:email,workflow...
2025-07-18 18:56:16.709 [info] Got 0 GitHub sessions for project,read:org,read:user,repo,user:email,workflow...
2025-07-18 18:56:16.875 [info] Getting GitHub sessions for read:user,repo,user:email,workflow...
2025-07-18 18:56:16.875 [info] Got 0 GitHub sessions for read:user,repo,user:email,workflow...
2025-07-18 18:56:17.034 [info] Getting GitHub sessions for read:user,repo,user:email...
2025-07-18 18:56:17.034 [info] Got 0 GitHub sessions for read:user,repo,user:email...
2025-07-18 18:56:17.204 [info] Getting GitHub sessions for read:user,repo,user:email,workflow...
2025-07-18 18:56:17.204 [info] Got 0 GitHub sessions for read:user,repo,user:email,workflow...
