2025-07-18 17:55:57.851 [info] Extension host with pid 10684 started
2025-07-18 17:55:57.851 [info] Lock '/workspace/.vscode-remote/data/User/workspaceStorage/e2ac111/vscode.lock': Lock acquired.
2025-07-18 17:55:57.992 [info] ExtensionService#_doActivateExtension vscode.emmet, startup: false, activationEvent: 'onLanguage'
2025-07-18 17:55:57.994 [info] ExtensionService#_doActivateExtension gitpod.gitpod-web, startup: false, activationEvent: 'onAuthenticationRequest:gitpod'
2025-07-18 17:55:58.412 [info] ExtensionService#_doActivateExtension vscode.git-base, startup: true, activationEvent: '*', root cause: vscode.git
2025-07-18 17:55:58.522 [info] ExtensionService#_doActivateExtension vscode.git, startup: true, activationEvent: '*'
2025-07-18 17:55:58.523 [info] ExtensionService#_doActivateExtension vscode.github, startup: true, activationEvent: '*'
2025-07-18 17:55:58.755 [info] Eager extensions activated
2025-07-18 17:55:58.756 [info] ExtensionService#_doActivateExtension vscode.debug-auto-launch, startup: false, activationEvent: 'onStartupFinished'
2025-07-18 17:55:58.756 [info] ExtensionService#_doActivateExtension vscode.merge-conflict, startup: false, activationEvent: 'onStartupFinished'
2025-07-18 17:55:58.756 [info] ExtensionService#_doActivateExtension vscode.github-authentication, startup: false, activationEvent: 'onStartupFinished', root cause: GitHub.vscode-pull-request-github
2025-07-18 17:55:58.803 [info] ExtensionService#_doActivateExtension redhat.vscode-yaml, startup: false, activationEvent: 'onLanguage:yaml'
2025-07-18 17:55:59.121 [info] ExtensionService#_doActivateExtension GitHub.vscode-pull-request-github, startup: false, activationEvent: 'onStartupFinished'
2025-07-18 17:55:59.416 [info] ExtensionService#_doActivateExtension vscode.configuration-editing, startup: false, activationEvent: 'onLanguage:jsonc'
2025-07-18 17:55:59.416 [info] ExtensionService#_doActivateExtension vscode.json-language-features, startup: false, activationEvent: 'onLanguage:jsonc'
2025-07-18 17:55:59.417 [info] ExtensionService#_doActivateExtension vscode.typescript-language-features, startup: false, activationEvent: 'onLanguage:jsonc'
2025-07-18 17:55:59.802 [warning] [redhat.vscode-yaml] Accessing a resource scoped configuration without providing a resource is not expected. To get the effective value for '[yaml]', provide the URI of a resource or 'null' for any resource.
2025-07-18 17:55:59.804 [warning] [redhat.vscode-yaml] Accessing a resource scoped configuration without providing a resource is not expected. To get the effective value for '[yaml]', provide the URI of a resource or 'null' for any resource.
2025-07-18 17:56:16.810 [info] ExtensionService#_doActivateExtension CodeRoad.coderoad, startup: false, activationEvent: 'onCommand:coderoad.start'
2025-07-18 18:00:11.619 [info] ExtensionService#_doActivateExtension vscode.npm, startup: false, activationEvent: 'onTerminalQuickFixRequest:ms-vscode.npm-command'
2025-07-18 18:46:23.694 [warning] [redhat.vscode-yaml] Accessing a resource scoped configuration without providing a resource is not expected. To get the effective value for '[yaml]', provide the URI of a resource or 'null' for any resource.
2025-07-18 18:52:37.682 [info] Extension host terminating: received terminate message from renderer
2025-07-18 18:52:37.682 [info] Lock '/workspace/.vscode-remote/data/User/workspaceStorage/e2ac111/vscode.lock': Marking the lockfile as scheduled to be released in 6000 ms.
2025-07-18 18:52:37.706 [info] Extension host with pid 10684 exiting with code 0
