2025-07-18 17:55:58.436 [info] Log level: Info
2025-07-18 17:55:58.436 [info] VSCODE_MACHINE_ID: someValue.machineId
2025-07-18 17:55:58.436 [info] VSCODE_SESSION_ID: someValue.sessionId
2025-07-18 17:55:58.436 [info] VSCODE_VERSION: 1.101.2
2025-07-18 17:55:58.436 [info] VSCODE_APP_NAME: Gitpod Code
2025-07-18 17:55:58.436 [info] VSCODE_APP_HOST: Gitpod
2025-07-18 17:55:58.436 [info] VSCODE_UI_KIND: web
2025-07-18 17:55:58.436 [info] GITPOD_WORKSPACE_CONTEXT_URL: https://github.com/freeCodeCamp/learn-bash-by-building-a-boilerplate
2025-07-18 17:55:58.436 [info] GITPOD_INSTANCE_ID: 8b2faf9a-73b3-44e9-b809-9a40c6682bae
2025-07-18 17:55:58.436 [info] GITPOD_WORKSPACE_URL: https://freecodecam-learnbashby-p8elx3hihxj.ws-us120.gitpod.io
2025-07-18 17:55:58.436 [info] Gitpod Web 3953e81
2025-07-18 17:55:58.436 [info] Reading sessions from keychain...
2025-07-18 17:55:58.521 [info] Getting sessions for all scopes...
2025-07-18 17:55:58.521 [info] Getting sessions for all scopes...
2025-07-18 17:55:58.521 [info] Getting sessions for all scopes...
2025-07-18 17:55:58.521 [info] Getting GitHub sessions for all scopes...
2025-07-18 17:55:58.521 [info] Getting sessions for function:accessCodeSyncStorage...
2025-07-18 17:55:58.522 [info] Got stored sessions!
2025-07-18 17:55:58.706 [info] Verified session with the following scopes: function:accessCodeSyncStorage function:closePort function:controlAdmission function:deleteEnvVar function:generateNewGitpodToken function:getDefaultWorkspaceImage function:getGitpodTokenScopes function:getIDToken function:getLoggedInUser function:getOpenPorts function:getSupportedWorkspaceClasses function:getTeams function:getToken function:getWorkspace function:getWorkspaceEnvVars function:getWorkspaceOwner function:getWorkspaceTimeout function:getWorkspaceUsers function:guessGitTokenScopes function:isWorkspaceOwner function:openPort function:sendHeartBeat function:setEnvVar function:setWorkspaceTimeout function:stopWorkspace function:takeSnapshot function:trackEvent function:updateGitStatus function:waitForSnapshot resource:contentBlob::*::create/get resource:envVar::*/**::update resource:envVar::*/*::update resource:envVar::freeCodeCamp/learn-bash-by-building-a-boilerplate::create/get/update/delete resource:gitpodToken::*::create resource:snapshot::ws-freecodecam-learnbashby-p8elx3hihxj::create resource:token::*::get resource:userStorage::*::create/get/update resource:workspace::freecodecam-learnbashby-p8elx3hihxj::get/update resource:workspaceInstance::8b2faf9a-73b3-44e9-b809-9a40c6682bae::get/update/delete
2025-07-18 17:55:58.706 [info] Got 1 verified sessions.
2025-07-18 17:55:58.706 [info] Got 1 sessions for all scopes...
2025-07-18 17:55:58.706 [info] Got 1 sessions for all scopes...
2025-07-18 17:55:58.706 [info] Got 1 sessions for all scopes...
2025-07-18 17:55:58.706 [info] Got 1 sessions for function:accessCodeSyncStorage...
2025-07-18 17:55:58.993 [info] Got 1 GitHub sessions for all scopes...
2025-07-18 17:55:59.007 [info] Getting GitHub sessions for all scopes...
2025-07-18 17:55:59.007 [info] Getting GitHub sessions for all scopes...
2025-07-18 17:55:59.007 [info] Getting sessions for all scopes...
2025-07-18 17:55:59.007 [info] Got 1 GitHub sessions for all scopes...
2025-07-18 17:55:59.007 [info] Got 1 GitHub sessions for all scopes...
2025-07-18 17:55:59.007 [info] Got 1 sessions for all scopes...
2025-07-18 17:55:59.626 [info] Getting GitHub sessions for all scopes...
2025-07-18 17:55:59.626 [info] Got 1 GitHub sessions for all scopes...
2025-07-18 17:55:59.643 [info] Getting sessions for all scopes...
2025-07-18 17:55:59.643 [info] Getting GitHub sessions for all scopes...
2025-07-18 17:55:59.643 [info] Got 1 sessions for all scopes...
2025-07-18 17:55:59.643 [info] Got 1 GitHub sessions for all scopes...
2025-07-18 17:55:59.734 [info] Getting GitHub sessions for read:user,repo,user:email,workflow...
2025-07-18 17:55:59.735 [info] Got 0 GitHub sessions for read:user,repo,user:email,workflow...
2025-07-18 17:55:59.784 [info] Getting GitHub sessions for project,read:org,read:user,repo,user:email,workflow...
2025-07-18 17:55:59.784 [info] Got 0 GitHub sessions for project,read:org,read:user,repo,user:email,workflow...
2025-07-18 17:55:59.941 [info] Getting GitHub sessions for read:user,repo,user:email,workflow...
2025-07-18 17:55:59.941 [info] Got 0 GitHub sessions for read:user,repo,user:email,workflow...
2025-07-18 17:56:00.103 [info] Getting GitHub sessions for read:user,repo,user:email...
2025-07-18 17:56:00.103 [info] Got 0 GitHub sessions for read:user,repo,user:email...
2025-07-18 17:56:00.249 [info] Getting GitHub sessions for read:user,repo,user:email,workflow...
2025-07-18 17:56:00.249 [info] Got 0 GitHub sessions for read:user,repo,user:email,workflow...
2025-07-18 18:46:23.821 [info] Getting GitHub sessions for read:user,repo,user:email,workflow...
2025-07-18 18:46:23.821 [info] Got 0 GitHub sessions for read:user,repo,user:email,workflow...
