2025-07-18 17:23:08.638 [info] [main] Log level: Info
2025-07-18 17:23:08.638 [info] [main] Validating found git in: "git"
2025-07-18 17:23:08.638 [info] [main] Using git "2.43.0" from "git"
2025-07-18 17:23:08.638 [info] [Model][doInitialScan] Initial repository scan started
2025-07-18 17:23:08.638 [info] > git rev-parse --show-toplevel [2ms]
2025-07-18 17:23:08.638 [info] > git rev-parse --git-dir --git-common-dir [2ms]
2025-07-18 17:23:08.638 [info] [Model][openRepository] Opened repository (path): /workspace/project
2025-07-18 17:23:08.638 [info] [Model][openRepository] Opened repository (real path): /workspace/project
2025-07-18 17:23:08.638 [info] > git config --get commit.template [4ms]
2025-07-18 17:23:08.638 [info] > git rev-parse --show-toplevel [106ms]
2025-07-18 17:23:08.638 [info] > git for-each-ref --format=%(refname)%00%(upstream:short)%00%(objectname)%00%(upstream:track)%00%(upstream:remotename)%00%(upstream:remoteref) refs/heads/main refs/remotes/main [106ms]
2025-07-18 17:23:08.638 [warning] [Git][revParse] Unable to read file: ENOENT: no such file or directory, open '/workspace/project/.git/refs/remotes/origin/main'
2025-07-18 17:23:08.638 [info] > git rev-parse --show-toplevel [5ms]
2025-07-18 17:23:08.638 [info] [Model][doInitialScan] Initial repository scan completed - repositories (1), closed repositories (0), parent repositories (0), unsafe repositories (0)
2025-07-18 17:23:08.638 [info] > git rev-parse refs/remotes/origin/main [2ms]
2025-07-18 17:23:08.638 [info] > git status -z -uall [6ms]
2025-07-18 17:23:08.638 [info] > git for-each-ref --sort -committerdate --format %(refname)%00%(objectname)%00%(*objectname) [4ms]
2025-07-18 17:23:08.638 [info] > git for-each-ref --format=%(refname)%00%(upstream:short)%00%(objectname)%00%(upstream:track)%00%(upstream:remotename)%00%(upstream:remoteref) refs/heads/main refs/remotes/main [7ms]
2025-07-18 17:23:08.638 [info] > git config --get commit.template [10ms]
2025-07-18 17:23:08.638 [info] > git config --get --local branch.main.vscode-merge-base [8ms]
2025-07-18 17:23:08.643 [info] > git for-each-ref --format=%(refname)%00%(upstream:short)%00%(objectname)%00%(upstream:track)%00%(upstream:remotename)%00%(upstream:remoteref) refs/heads/main refs/remotes/main [6ms]
2025-07-18 17:23:08.648 [warning] [Git][revParse] Unable to read file: ENOENT: no such file or directory, open '/workspace/project/.git/refs/remotes/origin/main'
2025-07-18 17:23:08.649 [info] > git for-each-ref --format=%(refname)%00%(upstream:short)%00%(objectname)%00%(upstream:track)%00%(upstream:remotename)%00%(upstream:remoteref) refs/heads/origin/main refs/remotes/origin/main [7ms]
2025-07-18 17:23:08.654 [info] > git rev-parse refs/remotes/origin/main [6ms]
2025-07-18 17:23:08.662 [info] > git status -z -uall [5ms]
2025-07-18 17:23:08.663 [info] > git merge-base refs/heads/main refs/remotes/origin/main [10ms]
2025-07-18 17:23:08.667 [info] > git for-each-ref --sort -committerdate --format %(refname)%00%(objectname)%00%(*objectname) [6ms]
2025-07-18 17:23:08.674 [info] > git diff --name-status -z --diff-filter=ADMR b47da2f1aefd5ecd3a04aaf48b0ac5b8b779948b...refs/remotes/origin/main [8ms]
2025-07-18 17:23:08.808 [info] > git merge-base refs/heads/main refs/remotes/origin/main [135ms]
2025-07-18 17:23:08.814 [info] > git diff --name-status -z --diff-filter=ADMR b47da2f1aefd5ecd3a04aaf48b0ac5b8b779948b...refs/remotes/origin/main [2ms]
2025-07-18 17:23:09.809 [info] > git config --get --local branch.main.github-pr-owner-number [7ms]
2025-07-18 17:23:09.809 [warning] [Git][config] git config failed: Failed to execute git
