2025-07-18 18:52:40.728 [info] [main] Log level: Info
2025-07-18 18:52:40.728 [info] [main] Validating found git in: "git"
2025-07-18 18:52:40.729 [info] [main] Using git "2.43.0" from "git"
2025-07-18 18:52:40.729 [info] [Model][doInitialScan] Initial repository scan started
2025-07-18 18:52:40.729 [info] > git rev-parse --show-toplevel [2ms]
2025-07-18 18:52:40.729 [info] fatal: not a git repository (or any parent up to mount point /)
Stopping at filesystem boundary (GIT_DISCOVERY_ACROSS_FILESYSTEM not set).
2025-07-18 18:52:40.729 [info] > git rev-parse --show-toplevel [2ms]
2025-07-18 18:52:40.729 [info] fatal: not a git repository (or any parent up to mount point /)
Stopping at filesystem boundary (GIT_DISCOVERY_ACROSS_FILESYSTEM not set).
2025-07-18 18:52:40.729 [info] > git rev-parse --show-toplevel [121ms]
2025-07-18 18:52:40.729 [info] fatal: not a git repository (or any parent up to mount point /)
Stopping at filesystem boundary (GIT_DISCOVERY_ACROSS_FILESYSTEM not set).
2025-07-18 18:52:40.729 [info] > git rev-parse --show-toplevel [3ms]
2025-07-18 18:52:40.729 [info] > git rev-parse --git-dir --git-common-dir [10ms]
2025-07-18 18:52:40.729 [info] [Model][openRepository] Opened repository (path): /workspace/project
2025-07-18 18:52:40.729 [info] [Model][openRepository] Opened repository (real path): /workspace/project
2025-07-18 18:52:40.729 [info] [Model][doInitialScan] Initial repository scan completed - repositories (1), closed repositories (0), parent repositories (0), unsafe repositories (0)
2025-07-18 18:52:40.731 [info] > git config --get commit.template [3ms]
2025-07-18 18:52:40.891 [info] > git for-each-ref --format=%(refname)%00%(upstream:short)%00%(objectname)%00%(upstream:track)%00%(upstream:remotename)%00%(upstream:remoteref) refs/heads/main refs/remotes/main [155ms]
2025-07-18 18:52:40.897 [warning] [Git][revParse] Unable to read file: ENOENT: no such file or directory, open '/workspace/project/.git/refs/remotes/origin/main'
2025-07-18 18:52:40.921 [info] > git rev-parse refs/remotes/origin/main [25ms]
2025-07-18 18:52:40.947 [info] > git status -z -uall [20ms]
2025-07-18 18:52:40.949 [info] > git for-each-ref --sort -committerdate --format %(refname)%00%(objectname)%00%(*objectname) [15ms]
2025-07-18 18:52:41.011 [info] > git for-each-ref --format=%(refname)%00%(upstream:short)%00%(objectname)%00%(upstream:track)%00%(upstream:remotename)%00%(upstream:remoteref) refs/heads/main refs/remotes/main [46ms]
2025-07-18 18:52:41.017 [info] > git config --get commit.template [7ms]
2025-07-18 18:52:41.023 [info] > git config --get --local branch.main.vscode-merge-base [7ms]
2025-07-18 18:52:41.031 [info] > git for-each-ref --format=%(refname)%00%(upstream:short)%00%(objectname)%00%(upstream:track)%00%(upstream:remotename)%00%(upstream:remoteref) refs/heads/origin/main refs/remotes/origin/main [3ms]
2025-07-18 18:52:41.038 [info] > git for-each-ref --format=%(refname)%00%(upstream:short)%00%(objectname)%00%(upstream:track)%00%(upstream:remotename)%00%(upstream:remoteref) refs/heads/main refs/remotes/main [16ms]
2025-07-18 18:52:41.049 [warning] [Git][revParse] Unable to read file: ENOENT: no such file or directory, open '/workspace/project/.git/refs/remotes/origin/main'
2025-07-18 18:52:41.094 [info] > git rev-parse refs/remotes/origin/main [46ms]
2025-07-18 18:52:41.104 [info] > git merge-base refs/heads/main refs/remotes/origin/main [68ms]
2025-07-18 18:52:41.109 [info] > git status -z -uall [10ms]
2025-07-18 18:52:41.109 [info] > git for-each-ref --sort -committerdate --format %(refname)%00%(objectname)%00%(*objectname) [5ms]
2025-07-18 18:52:41.116 [info] > git diff --name-status -z --diff-filter=ADMR b47da2f1aefd5ecd3a04aaf48b0ac5b8b779948b...refs/remotes/origin/main [8ms]
2025-07-18 18:52:41.126 [info] > git merge-base refs/heads/main refs/remotes/origin/main [11ms]
2025-07-18 18:52:41.132 [info] > git diff --name-status -z --diff-filter=ADMR b47da2f1aefd5ecd3a04aaf48b0ac5b8b779948b...refs/remotes/origin/main [2ms]
2025-07-18 18:52:41.293 [info] > git rev-parse --show-toplevel [84ms]
2025-07-18 18:52:41.293 [info] fatal: not a git repository (or any parent up to mount point /)
Stopping at filesystem boundary (GIT_DISCOVERY_ACROSS_FILESYSTEM not set).
2025-07-18 18:52:41.303 [info] > git check-ignore -v -z --stdin [4ms]
2025-07-18 18:52:42.153 [info] > git config --get commit.template [16ms]
2025-07-18 18:52:42.163 [info] > git for-each-ref --format=%(refname)%00%(upstream:short)%00%(objectname)%00%(upstream:track)%00%(upstream:remotename)%00%(upstream:remoteref) refs/heads/main refs/remotes/main [11ms]
2025-07-18 18:52:42.167 [warning] [Git][revParse] Unable to read file: ENOENT: no such file or directory, open '/workspace/project/.git/refs/remotes/origin/main'
2025-07-18 18:52:42.169 [info] > git rev-parse refs/remotes/origin/main [2ms]
2025-07-18 18:52:42.177 [info] > git status -z -uall [5ms]
2025-07-18 18:52:42.180 [info] > git for-each-ref --sort -committerdate --format %(refname)%00%(objectname)%00%(*objectname) [3ms]
2025-07-18 18:52:42.227 [info] > git config --get --local branch.main.github-pr-owner-number [2ms]
2025-07-18 18:52:42.227 [warning] [Git][config] git config failed: Failed to execute git
2025-07-18 18:52:44.646 [info] > git check-ignore -v -z --stdin [2ms]
2025-07-18 18:53:03.411 [info] > git rev-parse --show-toplevel [3ms]
2025-07-18 18:53:03.411 [info] fatal: not a git repository (or any parent up to mount point /)
Stopping at filesystem boundary (GIT_DISCOVERY_ACROSS_FILESYSTEM not set).
2025-07-18 18:53:03.428 [info] > git log --format=%H%n%aN%n%aE%n%at%n%ct%n%P%n%D%n%B -z --shortstat --diff-merges=first-parent -n50 --skip=0 --topo-order --decorate=full --stdin [36ms]
2025-07-18 18:53:03.920 [info] > git check-ignore -v -z --stdin [2ms]
2025-07-18 18:53:05.082 [info] > git show --textconv :.git/COMMIT_EDITMSG [4ms]
2025-07-18 18:53:05.087 [info] > git ls-files --stage -- .git/COMMIT_EDITMSG [6ms]
2025-07-18 18:53:05.092 [info] > git hash-object -t tree /dev/null [6ms]
2025-07-18 18:53:05.092 [warning] [GitFileSystemProvider][readFile] File not found - git:/workspace/project/.git/COMMIT_EDITMSG.git?%7B%22path%22%3A%22%2Fworkspace%2Fproject%2F.git%2FCOMMIT_EDITMSG%22%2C%22ref%22%3A%22%22%7D
2025-07-18 18:53:05.095 [info] > git hash-object -t tree /dev/null [4ms]
2025-07-18 18:53:05.095 [warning] [GitFileSystemProvider][stat] File not found - git:/workspace/project/.git/COMMIT_EDITMSG.git?%7B%22path%22%3A%22%2Fworkspace%2Fproject%2F.git%2FCOMMIT_EDITMSG%22%2C%22ref%22%3A%22%22%7D
2025-07-18 18:53:05.312 [info] > git check-ignore -v -z --stdin [2ms]
2025-07-18 18:53:50.615 [info] > git log --format=%H%n%aN%n%aE%n%at%n%ct%n%P%n%D%n%B -z --shortstat --diff-merges=first-parent -n50 --skip=0 --topo-order --decorate=full --stdin [25ms]
2025-07-18 18:53:56.421 [info] > git check-ignore -v -z --stdin [2ms]
2025-07-18 18:55:35.947 [info] > git blame --root --incremental bfcab14d93b7e5cb9c40b56a3bdcfc99b0b7dacd -- .git/COMMIT_EDITMSG [2ms]
2025-07-18 18:55:35.947 [info] fatal: no such path .git/COMMIT_EDITMSG in bfcab14d93b7e5cb9c40b56a3bdcfc99b0b7dacd
2025-07-18 18:56:07.398 [info] > git log --format=%H%n%aN%n%aE%n%at%n%ct%n%P%n%D%n%B -z --shortstat --diff-merges=first-parent -n50 --skip=0 --topo-order --decorate=full --stdin [28ms]
2025-07-18 18:56:08.808 [info] > git log --format=%H%n%aN%n%aE%n%at%n%ct%n%P%n%D%n%B -z --shortstat --diff-merges=first-parent -n50 --skip=0 --topo-order --decorate=full --stdin [27ms]
2025-07-18 18:56:10.707 [info] > git diff-tree -r --name-status -z --diff-filter=ADMR --find-renames=50% ee120827ad2fa69468e1c80d8b883dd7ea05d3df bfcab14d93b7e5cb9c40b56a3bdcfc99b0b7dacd [3ms]
2025-07-18 18:56:11.285 [info] > git check-ignore -v -z --stdin [1ms]
2025-07-18 18:56:35.453 [info] > git check-ignore -v -z --stdin [3ms]
2025-07-18 18:56:42.507 [info] > git check-ignore -v -z --stdin [3ms]
2025-07-18 18:56:44.043 [info] > git show --textconv :toms-website/package.json [46ms]
2025-07-18 18:56:44.043 [info] > git show --textconv HEAD:toms-website/package.json [40ms]
2025-07-18 18:56:44.043 [info] > git ls-files --stage -- toms-website/package.json [34ms]
2025-07-18 18:56:44.049 [warning] [GitFileSystemProvider][readFile] File not found - git:/workspace/project/toms-website/package.json.git?%7B%22path%22%3A%22%2Fworkspace%2Fproject%2Ftoms-website%2Fpackage.json%22%2C%22ref%22%3A%22HEAD%22%7D
2025-07-18 18:56:44.051 [info] > git ls-tree -l HEAD -- toms-website/package.json [9ms]
2025-07-18 18:56:44.051 [warning] [GitFileSystemProvider][stat] File not found - git:/workspace/project/toms-website/package.json.git?%7B%22path%22%3A%22%2Fworkspace%2Fproject%2Ftoms-website%2Fpackage.json%22%2C%22ref%22%3A%22HEAD%22%7D
2025-07-18 18:56:44.053 [info] > git cat-file -s e69de29bb2d1d6434b8b29ae775ad8c2e48c5391 [4ms]
2025-07-18 18:56:45.702 [info] > git show --textconv :.git/COMMIT_EDITMSG [6ms]
2025-07-18 18:56:45.702 [warning] [GitFileSystemProvider][readFile] File not found - git:/workspace/project/.git/COMMIT_EDITMSG.git?%7B%22path%22%3A%22%2Fworkspace%2Fproject%2F.git%2FCOMMIT_EDITMSG%22%2C%22ref%22%3A%22%22%7D
2025-07-18 18:56:45.704 [info] > git ls-files --stage -- .git/COMMIT_EDITMSG [3ms]
2025-07-18 18:56:45.704 [warning] [GitFileSystemProvider][stat] File not found - git:/workspace/project/.git/COMMIT_EDITMSG.git?%7B%22path%22%3A%22%2Fworkspace%2Fproject%2F.git%2FCOMMIT_EDITMSG%22%2C%22ref%22%3A%22%22%7D
