2025-07-18 17:55:53.372 [info] Log level: Info
2025-07-18 17:55:53.372 [info] VSCODE_MACHINE_ID: 20c7c060-a178-44f9-ac82-93617945184b
2025-07-18 17:55:53.372 [info] VSCODE_SESSION_ID: 2d4a1734-adef-4523-9e0a-a4e0427222b11752861351388
2025-07-18 17:55:53.372 [info] VSCODE_VERSION: 1.101.2
2025-07-18 17:55:53.372 [info] VSCODE_APP_NAME: Gitpod Code
2025-07-18 17:55:53.372 [info] VSCODE_APP_HOST: Gitpod
2025-07-18 17:55:53.372 [info] VSCODE_UI_KIND: web
2025-07-18 17:55:53.372 [info] GITPOD_WORKSPACE_CONTEXT_URL: https://github.com/freeCodeCamp/learn-bash-by-building-a-boilerplate
2025-07-18 17:55:53.372 [info] GITPOD_INSTANCE_ID: 8b2faf9a-73b3-44e9-b809-9a40c6682bae
2025-07-18 17:55:53.372 [info] GITPOD_WORKSPACE_URL: https://freecodecam-learnbashby-p8elx3hihxj.ws-us120.gitpod.io
2025-07-18 17:55:53.372 [info] Gitpod Web 3953e81
2025-07-18 17:55:53.372 [info] Reading sessions from keychain...
2025-07-18 17:55:53.471 [info] Getting sessions for all scopes...
2025-07-18 17:55:53.471 [info] Getting sessions for all scopes...
2025-07-18 17:55:53.471 [info] Getting sessions for all scopes...
2025-07-18 17:55:53.471 [info] Getting GitHub sessions for all scopes...
2025-07-18 17:55:53.471 [info] Getting sessions for function:accessCodeSyncStorage...
2025-07-18 17:55:53.472 [info] Got stored sessions!
2025-07-18 17:55:53.605 [info] Verified session with the following scopes: function:accessCodeSyncStorage function:closePort function:controlAdmission function:deleteEnvVar function:generateNewGitpodToken function:getDefaultWorkspaceImage function:getGitpodTokenScopes function:getIDToken function:getLoggedInUser function:getOpenPorts function:getSupportedWorkspaceClasses function:getTeams function:getToken function:getWorkspace function:getWorkspaceEnvVars function:getWorkspaceOwner function:getWorkspaceTimeout function:getWorkspaceUsers function:guessGitTokenScopes function:isWorkspaceOwner function:openPort function:sendHeartBeat function:setEnvVar function:setWorkspaceTimeout function:stopWorkspace function:takeSnapshot function:trackEvent function:updateGitStatus function:waitForSnapshot resource:contentBlob::*::create/get resource:envVar::*/**::update resource:envVar::*/*::update resource:envVar::freeCodeCamp/learn-bash-by-building-a-boilerplate::create/get/update/delete resource:gitpodToken::*::create resource:snapshot::ws-freecodecam-learnbashby-p8elx3hihxj::create resource:token::*::get resource:userStorage::*::create/get/update resource:workspace::freecodecam-learnbashby-p8elx3hihxj::get/update resource:workspaceInstance::8b2faf9a-73b3-44e9-b809-9a40c6682bae::get/update/delete
2025-07-18 17:55:53.605 [info] Got 1 verified sessions.
2025-07-18 17:55:53.605 [info] Got 1 sessions for all scopes...
2025-07-18 17:55:53.605 [info] Got 1 sessions for all scopes...
2025-07-18 17:55:53.605 [info] Got 1 sessions for all scopes...
2025-07-18 17:55:53.605 [info] Got 1 sessions for function:accessCodeSyncStorage...
2025-07-18 17:55:53.758 [info] Getting GitHub sessions for all scopes...
2025-07-18 17:55:53.758 [info] Getting GitHub sessions for all scopes...
2025-07-18 17:55:53.758 [info] Getting sessions for all scopes...
2025-07-18 17:55:53.758 [info] Got 1 sessions for all scopes...
2025-07-18 17:55:53.942 [info] Got 1 GitHub sessions for all scopes...
2025-07-18 17:55:53.942 [info] Got 1 GitHub sessions for all scopes...
2025-07-18 17:55:53.942 [info] Got 1 GitHub sessions for all scopes...
2025-07-18 17:55:54.004 [info] Getting GitHub sessions for all scopes...
2025-07-18 17:55:54.004 [info] Got 1 GitHub sessions for all scopes...
2025-07-18 17:55:54.126 [info] Getting sessions for all scopes...
2025-07-18 17:55:54.126 [info] Getting GitHub sessions for all scopes...
2025-07-18 17:55:54.132 [info] Got 1 sessions for all scopes...
2025-07-18 17:55:54.132 [info] Got 1 GitHub sessions for all scopes...
2025-07-18 17:55:54.153 [info] Getting GitHub sessions for project,read:org,read:user,repo,user:email,workflow...
2025-07-18 17:55:54.153 [info] Got 0 GitHub sessions for project,read:org,read:user,repo,user:email,workflow...
2025-07-18 17:55:54.463 [info] Getting GitHub sessions for read:user,repo,user:email,workflow...
2025-07-18 17:55:54.463 [info] Got 0 GitHub sessions for read:user,repo,user:email,workflow...
2025-07-18 17:55:54.641 [info] Getting GitHub sessions for read:user,repo,user:email...
2025-07-18 17:55:54.641 [info] Got 0 GitHub sessions for read:user,repo,user:email...
2025-07-18 17:55:54.799 [info] Getting GitHub sessions for read:user,repo,user:email,workflow...
2025-07-18 17:55:54.799 [info] Got 0 GitHub sessions for read:user,repo,user:email,workflow...
