2025-07-18 19:25:06.157 [warning] /home/gitpod/.ssh/config: ENOENT: no such file or directory, open '/home/gitpod/.ssh/config'
2025-07-18 19:25:06.157 [info] [Activation] Extension version: 0.112.0
2025-07-18 19:25:06.955 [info] [Activation] Looking for git repository
2025-07-18 19:25:06.955 [info] [Activation] Found 0 repositories during activation
2025-07-18 19:25:06.955 [info] [Activation] Git repository found, initializing review manager and pr tree view.
2025-07-18 19:25:06.960 [info] [GitAPI] Registering git provider
2025-07-18 19:25:06.961 [info] [Review+0] Validate state in progress
2025-07-18 19:25:06.961 [info] [Review+0] Validating state...
2025-07-18 19:25:07.032 [info] [FolderRepositoryManager+0] Found GitHub remote for folder /workspace/project
2025-07-18 19:25:07.035 [info] [FolderRepositoryManager+0] Trying to use globalState for assignableUsers.
2025-07-18 19:25:07.047 [info] [Review+0] No matching pull request metadata found locally for current branch main
2025-07-18 19:25:07.048 [info] [Review+0] No matching pull request metadata found on GitHub for current branch main
2025-07-18 19:25:07.110 [info] [FolderRepositoryManager+0] GlobalState does not exist for assignableUsers.
2025-07-18 19:28:19.210 [info] [Activation] Repo state for file:///workspace/project changed.
2025-07-18 19:28:19.210 [info] [Activation] Repo file:///workspace/project has already been setup.
2025-07-18 19:29:03.359 [info] [Review+0] Validate state in progress
2025-07-18 19:29:03.359 [info] [Review+0] Validating state...
2025-07-18 19:29:03.418 [info] [FolderRepositoryManager+0] Found GitHub remote for folder /workspace/project
2025-07-18 19:29:03.419 [info] [FolderRepositoryManager+0] Using in-memory cached assignable users.
2025-07-18 19:29:03.426 [info] [Review+0] No matching pull request metadata found locally for current branch main
2025-07-18 19:29:03.427 [info] [Review+0] No matching pull request metadata found on GitHub for current branch main
2025-07-18 19:32:52.936 [info] [Review+0] Validate state in progress
2025-07-18 19:32:52.936 [info] [Review+0] Validating state...
2025-07-18 19:32:52.937 [warning] No remotes found. The following remotes are missing: origin, upstream
2025-07-18 19:32:52.937 [info] [FolderRepositoryManager+0] No GitHub remotes found for folder /workspace/project
2025-07-18 19:32:52.937 [info] [FolderRepositoryManager+0] Using in-memory cached assignable users.
2025-07-18 19:32:52.944 [info] [Review+0] No matching pull request metadata found locally for current branch main
2025-07-18 19:32:52.958 [info] [Review+0] No matching pull request metadata found on GitHub for current branch main
2025-07-18 19:34:44.989 [info] [Review+0] Validate state in progress
2025-07-18 19:34:44.989 [info] [Review+0] Validating state...
2025-07-18 19:34:45.066 [info] [FolderRepositoryManager+0] Found GitHub remote for folder /workspace/project
2025-07-18 19:34:45.067 [info] [FolderRepositoryManager+0] Using in-memory cached assignable users.
2025-07-18 19:34:45.077 [info] [Review+0] No matching pull request metadata found locally for current branch main
2025-07-18 19:34:45.093 [info] [Review+0] No matching pull request metadata found on GitHub for current branch main
