2025-07-18 14:58:34.570 [warning] /home/gitpod/.ssh/config: ENOENT: no such file or directory, open '/home/gitpod/.ssh/config'
2025-07-18 14:58:34.570 [info] [Activation] Extension version: 0.112.0
2025-07-18 14:58:35.158 [info] [Activation] Looking for git repository
2025-07-18 14:58:35.158 [info] [Activation] Found 0 repositories during activation
2025-07-18 14:58:35.158 [info] [Activation] Git repository found, initializing review manager and pr tree view.
2025-07-18 14:58:35.162 [info] [GitAPI] Registering git provider
2025-07-18 14:58:35.162 [info] [Review+0] Validate state in progress
2025-07-18 14:58:35.162 [info] [Review+0] Validating state...
2025-07-18 14:58:35.240 [info] [FolderRepositoryManager+0] Found GitHub remote for folder /workspace/project
2025-07-18 14:58:35.242 [info] [FolderRepositoryManager+0] Trying to use globalState for assignableUsers.
2025-07-18 14:58:35.250 [info] [Review+0] No matching pull request metadata found locally for current branch main
2025-07-18 14:58:35.251 [info] [Review+0] No matching pull request metadata found on GitHub for current branch main
2025-07-18 14:58:35.305 [info] [FolderRepositoryManager+0] GlobalState does not exist for assignableUsers.
2025-07-18 14:58:35.595 [info] [Activation] Repo state for file:///workspace/project changed.
2025-07-18 14:58:35.595 [info] [Activation] Repo file:///workspace/project has already been setup.
2025-07-18 14:58:50.913 [info] [Review+0] Validate state in progress
2025-07-18 14:58:50.913 [info] [Review+0] Validating state...
2025-07-18 14:58:51.051 [info] [FolderRepositoryManager+0] Found GitHub remote for folder /workspace/project
2025-07-18 14:58:51.052 [info] [FolderRepositoryManager+0] Using in-memory cached assignable users.
2025-07-18 14:58:51.058 [info] [Review+0] No matching pull request metadata found locally for current branch main
2025-07-18 14:58:51.058 [info] [Review+0] No matching pull request metadata found on GitHub for current branch main
2025-07-18 14:58:55.946 [info] [Review+0] Validate state in progress
2025-07-18 14:58:55.946 [info] [Review+0] Validating state...
2025-07-18 14:58:56.005 [info] [FolderRepositoryManager+0] Found GitHub remote for folder /workspace/project
2025-07-18 14:58:56.006 [info] [FolderRepositoryManager+0] Using in-memory cached assignable users.
2025-07-18 14:58:56.011 [info] [Review+0] No matching pull request metadata found locally for current branch main
2025-07-18 14:58:56.011 [info] [Review+0] No matching pull request metadata found on GitHub for current branch main
