2025-07-18 19:01:58.371 [info] [main] Log level: Info
2025-07-18 19:01:58.371 [info] [main] Validating found git in: "git"
2025-07-18 19:01:58.371 [info] [main] Using git "2.43.0" from "git"
2025-07-18 19:01:58.371 [info] [Model][doInitialScan] Initial repository scan started
2025-07-18 19:01:58.371 [info] > git rev-parse --show-toplevel [6ms]
2025-07-18 19:01:58.371 [info] > git rev-parse --git-dir --git-common-dir [5ms]
2025-07-18 19:01:58.371 [info] [Model][openRepository] Opened repository (path): /workspace/project
2025-07-18 19:01:58.371 [info] [Model][openRepository] Opened repository (real path): /workspace/project
2025-07-18 19:01:58.371 [info] > git config --get commit.template [7ms]
2025-07-18 19:01:58.371 [info] > git rev-parse --show-toplevel [3ms]
2025-07-18 19:01:58.371 [info] fatal: this operation must be run in a work tree
2025-07-18 19:01:58.371 [info] > git for-each-ref --format=%(refname)%00%(upstream:short)%00%(objectname)%00%(upstream:track)%00%(upstream:remotename)%00%(upstream:remoteref) refs/heads/main refs/remotes/main [143ms]
2025-07-18 19:01:58.371 [info] > git rev-parse --show-toplevel [138ms]
2025-07-18 19:01:58.371 [warning] [Git][revParse] Unable to read file: ENOENT: no such file or directory, open '/workspace/project/.git/refs/remotes/origin/main'
2025-07-18 19:01:58.371 [info] > git rev-parse --show-toplevel [3ms]
2025-07-18 19:01:58.371 [info] > git rev-parse refs/remotes/origin/main [8ms]
2025-07-18 19:01:58.371 [info] > git status -z -uall [16ms]
2025-07-18 19:01:58.371 [info] > git rev-parse --show-toplevel [3ms]
2025-07-18 19:01:58.371 [info] > git for-each-ref --sort -committerdate --format %(refname)%00%(objectname)%00%(*objectname) [11ms]
2025-07-18 19:01:58.371 [info] > git rev-parse --show-toplevel [5ms]
2025-07-18 19:01:58.371 [info] [Model][doInitialScan] Initial repository scan completed - repositories (1), closed repositories (0), parent repositories (0), unsafe repositories (0)
2025-07-18 19:01:58.371 [info] > git for-each-ref --format=%(refname)%00%(upstream:short)%00%(objectname)%00%(upstream:track)%00%(upstream:remotename)%00%(upstream:remoteref) refs/heads/main refs/remotes/main [14ms]
2025-07-18 19:01:58.371 [info] > git config --get commit.template [11ms]
2025-07-18 19:01:58.371 [info] > git config --get --local branch.main.vscode-merge-base [12ms]
2025-07-18 19:01:58.372 [info] > git for-each-ref --format=%(refname)%00%(upstream:short)%00%(objectname)%00%(upstream:track)%00%(upstream:remotename)%00%(upstream:remoteref) refs/heads/origin/main refs/remotes/origin/main [6ms]
2025-07-18 19:01:58.395 [info] > git for-each-ref --format=%(refname)%00%(upstream:short)%00%(objectname)%00%(upstream:track)%00%(upstream:remotename)%00%(upstream:remoteref) refs/heads/main refs/remotes/main [36ms]
2025-07-18 19:01:58.400 [warning] [Git][revParse] Unable to read file: ENOENT: no such file or directory, open '/workspace/project/.git/refs/remotes/origin/main'
2025-07-18 19:01:58.403 [info] > git rev-parse refs/remotes/origin/main [4ms]
2025-07-18 19:01:58.416 [info] > git status -z -uall [7ms]
2025-07-18 19:01:58.416 [info] > git merge-base refs/heads/main refs/remotes/origin/main [22ms]
2025-07-18 19:01:58.426 [info] > git diff --name-status -z --diff-filter=ADMR b47da2f1aefd5ecd3a04aaf48b0ac5b8b779948b...refs/remotes/origin/main [4ms]
2025-07-18 19:01:58.427 [info] > git for-each-ref --sort -committerdate --format %(refname)%00%(objectname)%00%(*objectname) [13ms]
2025-07-18 19:01:58.875 [info] > git check-ignore -v -z --stdin [2ms]
2025-07-18 19:01:58.904 [info] > git show --textconv :.git/COMMIT_EDITMSG [6ms]
2025-07-18 19:01:58.910 [info] > git ls-files --stage -- .git/COMMIT_EDITMSG [7ms]
2025-07-18 19:01:58.916 [info] > git hash-object -t tree /dev/null [6ms]
2025-07-18 19:01:58.916 [warning] [GitFileSystemProvider][readFile] File not found - git:/workspace/project/.git/COMMIT_EDITMSG.git?%7B%22path%22%3A%22%2Fworkspace%2Fproject%2F.git%2FCOMMIT_EDITMSG%22%2C%22ref%22%3A%22%22%7D
2025-07-18 19:01:58.918 [info] > git hash-object -t tree /dev/null [3ms]
2025-07-18 19:01:58.919 [warning] [GitFileSystemProvider][stat] File not found - git:/workspace/project/.git/COMMIT_EDITMSG.git?%7B%22path%22%3A%22%2Fworkspace%2Fproject%2F.git%2FCOMMIT_EDITMSG%22%2C%22ref%22%3A%22%22%7D
2025-07-18 19:01:59.549 [info] > git config --get commit.template [6ms]
2025-07-18 19:01:59.558 [info] > git for-each-ref --format=%(refname)%00%(upstream:short)%00%(objectname)%00%(upstream:track)%00%(upstream:remotename)%00%(upstream:remoteref) refs/heads/main refs/remotes/main [12ms]
2025-07-18 19:01:59.562 [warning] [Git][revParse] Unable to read file: ENOENT: no such file or directory, open '/workspace/project/.git/refs/remotes/origin/main'
2025-07-18 19:01:59.564 [info] > git rev-parse refs/remotes/origin/main [2ms]
2025-07-18 19:01:59.591 [info] > git status -z -uall [23ms]
2025-07-18 19:01:59.594 [info] > git for-each-ref --sort -committerdate --format %(refname)%00%(objectname)%00%(*objectname) [4ms]
2025-07-18 19:01:59.714 [info] > git config --get --local branch.main.github-pr-owner-number [5ms]
2025-07-18 19:01:59.714 [warning] [Git][config] git config failed: Failed to execute git
2025-07-18 19:02:01.151 [info] > git check-ignore -v -z --stdin [3ms]
2025-07-18 19:02:02.937 [info] > git check-ignore -v -z --stdin [5ms]
