2025-07-18 19:04:00.609 [warning] /home/gitpod/.ssh/config: ENOENT: no such file or directory, open '/home/gitpod/.ssh/config'
2025-07-18 19:04:00.609 [info] [Activation] Extension version: 0.112.0
2025-07-18 19:04:01.356 [info] [Activation] Looking for git repository
2025-07-18 19:04:01.356 [info] [Activation] Found 0 repositories during activation
2025-07-18 19:04:01.356 [info] [Activation] Git repository found, initializing review manager and pr tree view.
2025-07-18 19:04:01.360 [info] [GitAPI] Registering git provider
2025-07-18 19:04:01.360 [info] [Review+0] Validate state in progress
2025-07-18 19:04:01.360 [info] [Review+0] Validating state...
2025-07-18 19:04:01.425 [info] [FolderRepositoryManager+0] Found GitHub remote for folder /workspace/project
2025-07-18 19:04:01.427 [info] [FolderRepositoryManager+0] Trying to use globalState for assignableUsers.
2025-07-18 19:04:01.435 [info] [Review+0] No matching pull request metadata found locally for current branch main
2025-07-18 19:04:01.436 [info] [Review+0] No matching pull request metadata found on GitHub for current branch main
2025-07-18 19:04:01.489 [info] [FolderRepositoryManager+0] GlobalState does not exist for assignableUsers.
2025-07-18 19:05:28.732 [info] [Review+0] Validate state in progress
2025-07-18 19:05:28.732 [info] [Review+0] Validating state...
2025-07-18 19:05:28.733 [info] [Activation] Repo state for file:///workspace/project changed.
2025-07-18 19:05:28.733 [info] [Activation] Repo file:///workspace/project has already been setup.
2025-07-18 19:05:28.806 [info] [FolderRepositoryManager+0] Found GitHub remote for folder /workspace/project
2025-07-18 19:05:28.807 [info] [FolderRepositoryManager+0] Using in-memory cached assignable users.
2025-07-18 19:05:28.816 [info] [Review+0] No matching pull request metadata found locally for current branch main
2025-07-18 19:05:28.817 [info] [Review+0] No matching pull request metadata found on GitHub for current branch main
2025-07-18 19:29:41.783 [info] [Review+0] Validate state in progress
2025-07-18 19:29:41.783 [info] [Review+0] Validating state...
2025-07-18 19:30:41.783 [info] [FolderRepositoryManager+0] Found GitHub remote for folder /workspace/project
2025-07-18 19:30:41.784 [info] [FolderRepositoryManager+0] Using in-memory cached assignable users.
2025-07-18 19:30:41.792 [info] [Review+0] No matching pull request metadata found locally for current branch main
2025-07-18 19:30:41.792 [info] [Review+0] No matching pull request metadata found on GitHub for current branch main
2025-07-18 19:31:41.779 [error] [Review+0] Timeout occurred while validating state.
