2025-07-18 17:55:52.602 [info] Extension host with pid 10630 started
2025-07-18 17:55:52.716 [info] ExtensionService#_doActivateExtension vscode.emmet, startup: false, activationEvent: 'onLanguage'
2025-07-18 17:55:52.717 [info] ExtensionService#_doActivateExtension gitpod.gitpod-web, startup: false, activationEvent: 'onAuthenticationRequest:gitpod'
2025-07-18 17:55:53.139 [info] Lock '/workspace/.vscode-remote/data/User/workspaceStorage/462beb6f/vscode.lock': Lock acquired.
2025-07-18 17:55:53.354 [info] ExtensionService#_doActivateExtension vscode.git-base, startup: true, activationEvent: '*', root cause: vscode.git
2025-07-18 17:55:53.472 [info] ExtensionService#_doActivateExtension vscode.git, startup: true, activationEvent: '*'
2025-07-18 17:55:53.472 [info] ExtensionService#_doActivateExtension vscode.github, startup: true, activationEvent: '*'
2025-07-18 17:55:53.621 [info] Eager extensions activated
2025-07-18 17:55:53.621 [info] ExtensionService#_doActivateExtension vscode.debug-auto-launch, startup: false, activationEvent: 'onStartupFinished'
2025-07-18 17:55:53.621 [info] ExtensionService#_doActivateExtension vscode.merge-conflict, startup: false, activationEvent: 'onStartupFinished'
2025-07-18 17:55:53.622 [info] ExtensionService#_doActivateExtension vscode.github-authentication, startup: false, activationEvent: 'onStartupFinished', root cause: GitHub.vscode-pull-request-github
2025-07-18 17:55:53.653 [info] ExtensionService#_doActivateExtension redhat.vscode-yaml, startup: false, activationEvent: 'onLanguage:yaml'
2025-07-18 17:55:53.818 [info] ExtensionService#_doActivateExtension GitHub.vscode-pull-request-github, startup: false, activationEvent: 'onStartupFinished'
2025-07-18 17:55:54.300 [info] ExtensionService#_doActivateExtension vscode.configuration-editing, startup: false, activationEvent: 'onLanguage:jsonc'
2025-07-18 17:55:54.301 [info] ExtensionService#_doActivateExtension vscode.json-language-features, startup: false, activationEvent: 'onLanguage:jsonc'
2025-07-18 17:55:54.301 [info] ExtensionService#_doActivateExtension vscode.typescript-language-features, startup: false, activationEvent: 'onLanguage:jsonc'
2025-07-18 17:55:54.460 [warning] [redhat.vscode-yaml] Accessing a resource scoped configuration without providing a resource is not expected. To get the effective value for '[yaml]', provide the URI of a resource or 'null' for any resource.
2025-07-18 17:55:54.462 [warning] [redhat.vscode-yaml] Accessing a resource scoped configuration without providing a resource is not expected. To get the effective value for '[yaml]', provide the URI of a resource or 'null' for any resource.
2025-07-18 17:55:56.244 [info] Extension host terminating: received terminate message from renderer
2025-07-18 17:55:56.245 [info] Lock '/workspace/.vscode-remote/data/User/workspaceStorage/462beb6f/vscode.lock': Marking the lockfile as scheduled to be released in 6000 ms.
2025-07-18 17:55:56.268 [error] ProxyResolver#resolveProxy undefined Canceled: Canceled
	at new PM (file:///ide/out/vs/workbench/api/node/extensionHostProcess.js:29:136175)
	at IS._remoteCall (file:///ide/out/vs/workbench/api/node/extensionHostProcess.js:29:142469)
	at s.<computed>.n.charCodeAt.s.<computed> (file:///ide/out/vs/workbench/api/node/extensionHostProcess.js:29:139228)
	at Fw.resolveProxy (file:///ide/out/vs/workbench/api/node/extensionHostProcess.js:117:72682)
	at Object.resolveProxy (file:///ide/out/vs/workbench/api/node/extensionHostProcess.js:173:20723)
	at useProxySettings (/ide/node_modules/@vscode/proxy-agent/out/index.js:182:16)
	at /ide/node_modules/@vscode/proxy-agent/out/index.js:205:13
	at new Promise (<anonymous>)
	at resolveProxyURL (/ide/node_modules/@vscode/proxy-agent/out/index.js:204:35)
	at /ide/node_modules/@vscode/proxy-agent/out/index.js:522:53
	at Generator.next (<anonymous>)
	at /ide/node_modules/@vscode/proxy-agent/out/index.js:35:71
	at new Promise (<anonymous>)
	at __awaiter (/ide/node_modules/@vscode/proxy-agent/out/index.js:31:12)
	at patchedFetch (/ide/node_modules/@vscode/proxy-agent/out/index.js:507:16)
	at globalThis.fetch (file:///ide/out/vs/workbench/api/node/extensionHostProcess.js:173:23134)
	at _ (/ide/extensions/gitpod-web/out/extension.js:2:484218)
	at D.send (/ide/extensions/gitpod-web/out/extension.js:2:487680)
	at D.flushAfterClose (/ide/extensions/gitpod-web/out/extension.js:2:486482)
	at Z.closeAndFlush (/ide/extensions/gitpod-web/out/extension.js:2:505866)
	at /ide/extensions/gitpod-web/out/extension.js:2:1054813
	at Map.forEach (<anonymous>)
	at Object.flush (/ide/extensions/gitpod-web/out/extension.js:2:1054792)
	at uT.dispose (file:///ide/out/vs/workbench/api/node/extensionHostProcess.js:120:46184)
	at r (/ide/extensions/gitpod-web/out/extension.js:2:1011848)
	at h.dispose (/ide/extensions/gitpod-web/out/extension.js:2:1012079)
	at t.GitpodExtensionContext.dispose (/ide/extensions/gitpod-web/out/extension.js:2:1049172)
	at t.deactivate (/ide/extensions/gitpod-web/out/extension.js:2:1411254)
	at SJ._deactivate (file:///ide/out/vs/workbench/api/node/extensionHostProcess.js:124:14502)
	at file:///ide/out/vs/workbench/api/node/extensionHostProcess.js:124:12013
	at Array.map (<anonymous>)
	at SJ._deactivateAll (file:///ide/out/vs/workbench/api/node/extensionHostProcess.js:124:12001)
	at SJ.terminate (file:///ide/out/vs/workbench/api/node/extensionHostProcess.js:124:12354)
	at V9.terminate (file:///ide/out/vs/workbench/api/node/extensionHostProcess.js:126:1082)
	at gs (file:///ide/out/vs/workbench/api/node/extensionHostProcess.js:361:5320)
	at dh.value (file:///ide/out/vs/workbench/api/node/extensionHostProcess.js:361:3460)
	at P._deliver (file:///ide/out/vs/workbench/api/node/extensionHostProcess.js:27:2937)
	at P.fire (file:///ide/out/vs/workbench/api/node/extensionHostProcess.js:27:3257)
	at go.fire (file:///ide/out/vs/workbench/api/node/extensionHostProcess.js:29:10941)
	at u1._receiveMessage (file:///ide/out/vs/workbench/api/node/extensionHostProcess.js:29:15883)
	at dh.value (file:///ide/out/vs/workbench/api/node/extensionHostProcess.js:29:13246)
	at P._deliver (file:///ide/out/vs/workbench/api/node/extensionHostProcess.js:27:2937)
	at P.fire (file:///ide/out/vs/workbench/api/node/extensionHostProcess.js:27:3257)
	at uC.acceptChunk (file:///ide/out/vs/workbench/api/node/extensionHostProcess.js:29:8737)
	at dh.value (file:///ide/out/vs/workbench/api/node/extensionHostProcess.js:29:7866)
	at P._deliver (file:///ide/out/vs/workbench/api/node/extensionHostProcess.js:27:2937)
	at P.fire (file:///ide/out/vs/workbench/api/node/extensionHostProcess.js:27:3257)
	at vN._processReadQueue (file:///ide/out/vs/workbench/api/node/extensionHostProcess.js:29:27351) 
2025-07-18 17:55:56.347 [info] Extension host with pid 10630 exiting with code 0
