2025-07-18 19:25:03.823 [info] Extension host with pid 32926 started
2025-07-18 19:25:03.823 [error] Error: EEXIST: file already exists, open '/workspace/.vscode-remote/data/User/workspaceStorage/e2ac111/vscode.lock'
2025-07-18 19:25:03.823 [info] Lock '/workspace/.vscode-remote/data/User/workspaceStorage/e2ac111/vscode.lock': Could not acquire lock, checking if the file is stale.
2025-07-18 19:25:03.824 [info] Lock '/workspace/.vscode-remote/data/User/workspaceStorage/e2ac111/vscode.lock': The lock does not look stale, elapsed: 152 ms, giving up.
2025-07-18 19:25:03.828 [info] Lock '/workspace/.vscode-remote/data/User/workspaceStorage/e2ac111-1/vscode.lock': Lock acquired.
2025-07-18 19:25:03.980 [info] ExtensionService#_doActivateExtension vscode.emmet, startup: false, activationEvent: 'onLanguage'
2025-07-18 19:25:03.990 [info] ExtensionService#_doActivateExtension vscode.git-base, startup: false, activationEvent: 'onLanguage:git-commit'
2025-07-18 19:25:03.990 [info] ExtensionService#_doActivateExtension gitpod.gitpod-web, startup: false, activationEvent: 'onAuthenticationRequest:gitpod'
2025-07-18 19:25:03.990 [info] ExtensionService#_doActivateExtension vscode.configuration-editing, startup: false, activationEvent: 'onLanguage:jsonc'
2025-07-18 19:25:03.991 [info] ExtensionService#_doActivateExtension vscode.json-language-features, startup: false, activationEvent: 'onLanguage:jsonc'
2025-07-18 19:25:03.991 [info] ExtensionService#_doActivateExtension vscode.typescript-language-features, startup: false, activationEvent: 'onLanguage:jsonc'
2025-07-18 19:25:04.988 [info] ExtensionService#_doActivateExtension vscode.git, startup: true, activationEvent: '*'
2025-07-18 19:25:04.988 [info] ExtensionService#_doActivateExtension vscode.github, startup: true, activationEvent: '*'
2025-07-18 19:25:05.076 [info] ExtensionService#_doActivateExtension redhat.vscode-yaml, startup: false, activationEvent: 'onLanguage:yaml'
2025-07-18 19:25:05.717 [info] Eager extensions activated
2025-07-18 19:25:05.717 [info] ExtensionService#_doActivateExtension vscode.debug-auto-launch, startup: false, activationEvent: 'onStartupFinished'
2025-07-18 19:25:05.718 [info] ExtensionService#_doActivateExtension vscode.merge-conflict, startup: false, activationEvent: 'onStartupFinished'
2025-07-18 19:25:05.718 [info] ExtensionService#_doActivateExtension vscode.github-authentication, startup: false, activationEvent: 'onStartupFinished', root cause: GitHub.vscode-pull-request-github
2025-07-18 19:25:05.853 [info] ExtensionService#_doActivateExtension GitHub.vscode-pull-request-github, startup: false, activationEvent: 'onStartupFinished'
2025-07-18 19:25:06.038 [warning] [redhat.vscode-yaml] Accessing a resource scoped configuration without providing a resource is not expected. To get the effective value for '[yaml]', provide the URI of a resource or 'null' for any resource.
2025-07-18 19:25:06.040 [warning] [redhat.vscode-yaml] Accessing a resource scoped configuration without providing a resource is not expected. To get the effective value for '[yaml]', provide the URI of a resource or 'null' for any resource.
2025-07-18 19:25:06.144 [warning] [redhat.vscode-yaml] Accessing a resource scoped configuration without providing a resource is not expected. To get the effective value for '[yaml]', provide the URI of a resource or 'null' for any resource.
2025-07-18 19:30:22.610 [info] ExtensionService#_doActivateExtension vscode.npm, startup: false, activationEvent: 'onTerminalQuickFixRequest:ms-vscode.npm-command'
2025-07-18 19:30:28.036 [info] ExtensionService#_doActivateExtension vscode.extension-editing, startup: false, activationEvent: 'onLanguage:json'
