2025-07-18 18:57:05.766 [info] [main] Log level: Info
2025-07-18 18:57:05.766 [info] [main] Validating found git in: "git"
2025-07-18 18:57:05.766 [info] [main] Using git "2.43.0" from "git"
2025-07-18 18:57:05.766 [info] [Model][doInitialScan] Initial repository scan started
2025-07-18 18:57:05.766 [info] > git rev-parse --show-toplevel [5ms]
2025-07-18 18:57:05.766 [info] fatal: not a git repository (or any parent up to mount point /)
Stopping at filesystem boundary (GIT_DISCOVERY_ACROSS_FILESYSTEM not set).
2025-07-18 18:57:05.766 [info] > git rev-parse --show-toplevel [2ms]
2025-07-18 18:57:05.766 [info] fatal: this operation must be run in a work tree
2025-07-18 18:57:05.766 [info] > git rev-parse --show-toplevel [1ms]
2025-07-18 18:57:05.766 [info] fatal: not a git repository (or any parent up to mount point /)
Stopping at filesystem boundary (GIT_DISCOVERY_ACROSS_FILESYSTEM not set).
2025-07-18 18:57:05.766 [info] > git rev-parse --show-toplevel [2ms]
2025-07-18 18:57:05.766 [info] fatal: not a git repository (or any parent up to mount point /)
Stopping at filesystem boundary (GIT_DISCOVERY_ACROSS_FILESYSTEM not set).
2025-07-18 18:57:05.766 [info] > git rev-parse --show-toplevel [8ms]
2025-07-18 18:57:05.766 [info] fatal: not a git repository (or any parent up to mount point /)
Stopping at filesystem boundary (GIT_DISCOVERY_ACROSS_FILESYSTEM not set).
2025-07-18 18:57:05.766 [info] > git rev-parse --show-toplevel [137ms]
2025-07-18 18:57:05.766 [info] > git rev-parse --git-dir --git-common-dir [2ms]
2025-07-18 18:57:05.766 [info] [Model][openRepository] Opened repository (path): /workspace/project
2025-07-18 18:57:05.766 [info] [Model][openRepository] Opened repository (real path): /workspace/project
2025-07-18 18:57:05.766 [info] [Model][doInitialScan] Initial repository scan completed - repositories (1), closed repositories (0), parent repositories (0), unsafe repositories (0)
2025-07-18 18:57:05.766 [info] > git config --get commit.template [6ms]
2025-07-18 18:57:05.771 [info] > git for-each-ref --format=%(refname)%00%(upstream:short)%00%(objectname)%00%(upstream:track)%00%(upstream:remotename)%00%(upstream:remoteref) refs/heads/main refs/remotes/main [9ms]
2025-07-18 18:57:05.775 [warning] [Git][revParse] Unable to read file: ENOENT: no such file or directory, open '/workspace/project/.git/refs/remotes/origin/main'
2025-07-18 18:57:05.776 [info] > git rev-parse refs/remotes/origin/main [1ms]
2025-07-18 18:57:05.786 [info] > git status -z -uall [5ms]
2025-07-18 18:57:05.806 [info] > git for-each-ref --sort -committerdate --format %(refname)%00%(objectname)%00%(*objectname) [21ms]
2025-07-18 18:57:05.886 [info] > git for-each-ref --format=%(refname)%00%(upstream:short)%00%(objectname)%00%(upstream:track)%00%(upstream:remotename)%00%(upstream:remoteref) refs/heads/main refs/remotes/main [68ms]
2025-07-18 18:57:05.890 [info] > git config --get commit.template [67ms]
2025-07-18 18:57:05.896 [info] > git config --get --local branch.main.vscode-merge-base [6ms]
2025-07-18 18:57:05.905 [info] > git for-each-ref --format=%(refname)%00%(upstream:short)%00%(objectname)%00%(upstream:track)%00%(upstream:remotename)%00%(upstream:remoteref) refs/heads/origin/main refs/remotes/origin/main [5ms]
2025-07-18 18:57:05.911 [info] > git for-each-ref --format=%(refname)%00%(upstream:short)%00%(objectname)%00%(upstream:track)%00%(upstream:remotename)%00%(upstream:remoteref) refs/heads/main refs/remotes/main [16ms]
2025-07-18 18:57:05.918 [warning] [Git][revParse] Unable to read file: ENOENT: no such file or directory, open '/workspace/project/.git/refs/remotes/origin/main'
2025-07-18 18:57:05.920 [info] > git rev-parse refs/remotes/origin/main [2ms]
2025-07-18 18:57:05.929 [info] > git status -z -uall [5ms]
2025-07-18 18:57:05.929 [info] > git merge-base refs/heads/main refs/remotes/origin/main [20ms]
2025-07-18 18:57:05.934 [info] > git for-each-ref --sort -committerdate --format %(refname)%00%(objectname)%00%(*objectname) [6ms]
2025-07-18 18:57:05.941 [info] > git diff --name-status -z --diff-filter=ADMR b47da2f1aefd5ecd3a04aaf48b0ac5b8b779948b...refs/remotes/origin/main [8ms]
2025-07-18 18:57:05.951 [info] > git merge-base refs/heads/main refs/remotes/origin/main [11ms]
2025-07-18 18:57:06.091 [info] > git diff --name-status -z --diff-filter=ADMR b47da2f1aefd5ecd3a04aaf48b0ac5b8b779948b...refs/remotes/origin/main [136ms]
2025-07-18 18:57:06.269 [info] > git check-ignore -v -z --stdin [2ms]
2025-07-18 18:57:06.457 [info] > git show --textconv :.git/COMMIT_EDITMSG [5ms]
2025-07-18 18:57:06.461 [info] > git ls-files --stage -- .git/COMMIT_EDITMSG [5ms]
2025-07-18 18:57:06.470 [info] > git hash-object -t tree /dev/null [9ms]
2025-07-18 18:57:06.470 [warning] [GitFileSystemProvider][readFile] File not found - git:/workspace/project/.git/COMMIT_EDITMSG.git?%7B%22path%22%3A%22%2Fworkspace%2Fproject%2F.git%2FCOMMIT_EDITMSG%22%2C%22ref%22%3A%22%22%7D
2025-07-18 18:57:06.472 [info] > git hash-object -t tree /dev/null [7ms]
2025-07-18 18:57:06.472 [warning] [GitFileSystemProvider][stat] File not found - git:/workspace/project/.git/COMMIT_EDITMSG.git?%7B%22path%22%3A%22%2Fworkspace%2Fproject%2F.git%2FCOMMIT_EDITMSG%22%2C%22ref%22%3A%22%22%7D
2025-07-18 18:57:06.836 [info] > git config --get --local branch.main.github-pr-owner-number [3ms]
2025-07-18 18:57:06.836 [warning] [Git][config] git config failed: Failed to execute git
2025-07-18 18:57:07.096 [info] > git rev-parse --show-toplevel [2ms]
2025-07-18 18:57:07.096 [info] fatal: not a git repository (or any parent up to mount point /)
Stopping at filesystem boundary (GIT_DISCOVERY_ACROSS_FILESYSTEM not set).
2025-07-18 18:57:09.849 [info] > git config --get commit.template [5ms]
2025-07-18 18:57:09.858 [info] > git for-each-ref --format=%(refname)%00%(upstream:short)%00%(objectname)%00%(upstream:track)%00%(upstream:remotename)%00%(upstream:remoteref) refs/heads/main refs/remotes/main [10ms]
2025-07-18 18:57:09.862 [warning] [Git][revParse] Unable to read file: ENOENT: no such file or directory, open '/workspace/project/.git/refs/remotes/origin/main'
2025-07-18 18:57:09.864 [info] > git rev-parse refs/remotes/origin/main [2ms]
2025-07-18 18:57:09.873 [info] > git status -z -uall [5ms]
2025-07-18 18:57:09.875 [info] > git for-each-ref --sort -committerdate --format %(refname)%00%(objectname)%00%(*objectname) [3ms]
2025-07-18 18:58:00.508 [info] > git rev-parse --show-toplevel [15ms]
2025-07-18 18:58:00.508 [info] fatal: not a git repository (or any parent up to mount point /)
Stopping at filesystem boundary (GIT_DISCOVERY_ACROSS_FILESYSTEM not set).
2025-07-18 18:58:00.522 [info] > git log --format=%H%n%aN%n%aE%n%at%n%ct%n%P%n%D%n%B -z --shortstat --diff-merges=first-parent -n50 --skip=0 --topo-order --decorate=full --stdin [50ms]
2025-07-18 18:58:01.020 [info] > git check-ignore -v -z --stdin [3ms]
2025-07-18 18:58:24.870 [info] > git -c user.useConfigOnly=true commit --quiet --allow-empty-message --file - [9ms]
2025-07-18 18:58:24.879 [info] > git config --get commit.template [3ms]
2025-07-18 18:58:24.893 [info] > git config --get commit.template [6ms]
2025-07-18 18:58:24.906 [info] > git for-each-ref --format=%(refname)%00%(upstream:short)%00%(objectname)%00%(upstream:track)%00%(upstream:remotename)%00%(upstream:remoteref) refs/heads/main refs/remotes/main [13ms]
2025-07-18 18:58:24.911 [warning] [Git][revParse] Unable to read file: ENOENT: no such file or directory, open '/workspace/project/.git/refs/remotes/origin/main'
2025-07-18 18:58:24.913 [info] > git rev-parse refs/remotes/origin/main [2ms]
2025-07-18 18:58:24.924 [info] > git status -z -uall [7ms]
2025-07-18 18:58:24.925 [info] > git for-each-ref --sort -committerdate --format %(refname)%00%(objectname)%00%(*objectname) [3ms]
2025-07-18 18:58:24.948 [info] > git merge-base refs/heads/main refs/remotes/origin/main [13ms]
2025-07-18 18:58:24.956 [info] > git diff --name-status -z --diff-filter=ADMR b47da2f1aefd5ecd3a04aaf48b0ac5b8b779948b...refs/remotes/origin/main [2ms]
2025-07-18 18:58:25.014 [info] > git config --get --local branch.main.github-pr-owner-number [1ms]
2025-07-18 18:58:25.014 [warning] [Git][config] git config failed: Failed to execute git
2025-07-18 18:58:25.029 [info] > git config --get commit.template [6ms]
2025-07-18 18:58:25.039 [info] > git for-each-ref --format=%(refname)%00%(upstream:short)%00%(objectname)%00%(upstream:track)%00%(upstream:remotename)%00%(upstream:remoteref) refs/heads/main refs/remotes/main [12ms]
2025-07-18 18:58:25.044 [warning] [Git][revParse] Unable to read file: ENOENT: no such file or directory, open '/workspace/project/.git/refs/remotes/origin/main'
2025-07-18 18:58:25.044 [info] > git log --format=%H%n%aN%n%aE%n%at%n%ct%n%P%n%D%n%B -z --shortstat --diff-merges=first-parent -n50 --skip=0 --topo-order --decorate=full --stdin [37ms]
2025-07-18 18:58:25.048 [info] > git rev-parse refs/remotes/origin/main [4ms]
2025-07-18 18:58:25.058 [info] > git status -z -uall [6ms]
2025-07-18 18:58:25.060 [info] > git for-each-ref --sort -committerdate --format %(refname)%00%(objectname)%00%(*objectname) [3ms]
2025-07-18 18:58:25.442 [info] > git blame --root --incremental 6da568cd4eded8fd1683fc0753731db7707cf735 -- .git/COMMIT_EDITMSG [3ms]
2025-07-18 18:58:25.442 [info] fatal: no such path .git/COMMIT_EDITMSG in 6da568cd4eded8fd1683fc0753731db7707cf735
2025-07-18 18:58:25.628 [info] > git check-ignore -v -z --stdin [3ms]
2025-07-18 18:59:34.962 [info] > git log --format=%H%n%aN%n%aE%n%at%n%ct%n%P%n%D%n%B -z --shortstat --diff-merges=first-parent -n50 --skip=0 --topo-order --decorate=full --stdin [26ms]
2025-07-18 18:59:46.674 [info] > git add -A -- . [5ms]
