2025-07-18 19:03:59.587 [info] Log level: Info
2025-07-18 19:03:59.615 [info] VSCODE_MACHINE_ID: someValue.machineId
2025-07-18 19:03:59.616 [info] VSCODE_SESSION_ID: someValue.sessionId
2025-07-18 19:03:59.616 [info] VSCODE_VERSION: 1.101.2
2025-07-18 19:03:59.616 [info] VSCODE_APP_NAME: Gitpod Code
2025-07-18 19:03:59.616 [info] VSCODE_APP_HOST: Gitpod
2025-07-18 19:03:59.616 [info] VSCODE_UI_KIND: web
2025-07-18 19:03:59.616 [info] GITPOD_WORKSPACE_CONTEXT_URL: https://github.com/freeCodeCamp/learn-bash-by-building-a-boilerplate
2025-07-18 19:03:59.616 [info] GITPOD_INSTANCE_ID: 8b2faf9a-73b3-44e9-b809-9a40c6682bae
2025-07-18 19:03:59.616 [info] GITPOD_WORKSPACE_URL: https://freecodecam-learnbashby-p8elx3hihxj.ws-us120.gitpod.io
2025-07-18 19:03:59.625 [info] Gitpod Web 3953e81
2025-07-18 19:03:59.625 [info] Reading sessions from keychain...
2025-07-18 19:03:59.723 [info] Getting sessions for all scopes...
2025-07-18 19:03:59.723 [info] Getting sessions for all scopes...
2025-07-18 19:03:59.723 [info] Getting sessions for all scopes...
2025-07-18 19:03:59.723 [info] Getting GitHub sessions for all scopes...
2025-07-18 19:03:59.723 [info] Getting sessions for function:accessCodeSyncStorage...
2025-07-18 19:03:59.723 [info] Got stored sessions!
2025-07-18 19:03:59.770 [info] Verified session with the following scopes: function:accessCodeSyncStorage function:closePort function:controlAdmission function:deleteEnvVar function:generateNewGitpodToken function:getDefaultWorkspaceImage function:getGitpodTokenScopes function:getIDToken function:getLoggedInUser function:getOpenPorts function:getSupportedWorkspaceClasses function:getTeams function:getToken function:getWorkspace function:getWorkspaceEnvVars function:getWorkspaceOwner function:getWorkspaceTimeout function:getWorkspaceUsers function:guessGitTokenScopes function:isWorkspaceOwner function:openPort function:sendHeartBeat function:setEnvVar function:setWorkspaceTimeout function:stopWorkspace function:takeSnapshot function:trackEvent function:updateGitStatus function:waitForSnapshot resource:contentBlob::*::create/get resource:envVar::*/**::update resource:envVar::*/*::update resource:envVar::freeCodeCamp/learn-bash-by-building-a-boilerplate::create/get/update/delete resource:gitpodToken::*::create resource:snapshot::ws-freecodecam-learnbashby-p8elx3hihxj::create resource:token::*::get resource:userStorage::*::create/get/update resource:workspace::freecodecam-learnbashby-p8elx3hihxj::get/update resource:workspaceInstance::8b2faf9a-73b3-44e9-b809-9a40c6682bae::get/update/delete
2025-07-18 19:03:59.770 [info] Got 1 verified sessions.
2025-07-18 19:03:59.770 [info] Got 1 sessions for all scopes...
2025-07-18 19:03:59.770 [info] Got 1 sessions for all scopes...
2025-07-18 19:03:59.770 [info] Got 1 sessions for all scopes...
2025-07-18 19:03:59.770 [info] Got 1 sessions for function:accessCodeSyncStorage...
2025-07-18 19:03:59.897 [info] Getting GitHub sessions for all scopes...
2025-07-18 19:03:59.898 [info] Getting GitHub sessions for all scopes...
2025-07-18 19:03:59.898 [info] Getting sessions for all scopes...
2025-07-18 19:03:59.898 [info] Got 1 sessions for all scopes...
2025-07-18 19:04:00.133 [info] Got 1 GitHub sessions for all scopes...
2025-07-18 19:04:00.133 [info] Got 1 GitHub sessions for all scopes...
2025-07-18 19:04:00.133 [info] Got 1 GitHub sessions for all scopes...
2025-07-18 19:04:00.340 [info] Getting GitHub sessions for all scopes...
2025-07-18 19:04:00.340 [info] Got 1 GitHub sessions for all scopes...
2025-07-18 19:04:00.546 [info] Getting GitHub sessions for read:user,repo,user:email,workflow...
2025-07-18 19:04:00.546 [info] Got 0 GitHub sessions for read:user,repo,user:email,workflow...
2025-07-18 19:04:00.715 [info] Getting GitHub sessions for project,read:org,read:user,repo,user:email,workflow...
2025-07-18 19:04:00.715 [info] Got 0 GitHub sessions for project,read:org,read:user,repo,user:email,workflow...
2025-07-18 19:04:00.882 [info] Getting GitHub sessions for read:user,repo,user:email,workflow...
2025-07-18 19:04:00.882 [info] Got 0 GitHub sessions for read:user,repo,user:email,workflow...
2025-07-18 19:04:01.027 [info] Getting GitHub sessions for read:user,repo,user:email...
2025-07-18 19:04:01.028 [info] Got 0 GitHub sessions for read:user,repo,user:email...
2025-07-18 19:04:01.152 [info] Getting sessions for all scopes...
2025-07-18 19:04:01.152 [info] Getting GitHub sessions for all scopes...
2025-07-18 19:04:01.158 [info] Got 1 sessions for all scopes...
2025-07-18 19:04:01.158 [info] Got 1 GitHub sessions for all scopes...
2025-07-18 19:04:01.296 [info] Getting GitHub sessions for read:user,repo,user:email,workflow...
2025-07-18 19:04:01.296 [info] Got 0 GitHub sessions for read:user,repo,user:email,workflow...
